This file contains any messages produced by compilers while
running configure, to aid debugging if configure makes a mistake.

It was created by configure, which was
generated by GNU Autoconf 2.59.  Invocation command line was

  $ ./configure --prefix=/root/Downloads/0.1.0/speex/../install/usr

## --------- ##
## Platform. ##
## --------- ##

hostname = atLib
uname -m = i686
uname -r = 3.2.0-27-generic
uname -s = Linux
uname -v = #43-Ubuntu SMP Fri Jul 6 14:46:35 UTC 2012

/usr/bin/uname -p = unknown
/bin/uname -X     = unknown

/bin/arch              = unknown
/usr/bin/arch -k       = unknown
/usr/convex/getsysinfo = unknown
hostinfo               = unknown
/bin/machine           = unknown
/usr/bin/oslevel       = unknown
/bin/universe          = unknown

PATH: /usr/lib/lightdm/lightdm
PATH: /usr/local/sbin
PATH: /usr/local/bin
PATH: /usr/sbin
PATH: /usr/bin
PATH: /sbin
PATH: /bin
PATH: /usr/games


## ----------- ##
## Core tests. ##
## ----------- ##

configure:1578: checking for a BSD-compatible install
configure:1633: result: /usr/bin/install -c
configure:1644: checking whether build environment is sane
configure:1687: result: yes
configure:1744: checking for gawk
configure:1773: result: no
configure:1744: checking for mawk
configure:1760: found /usr/bin/mawk
configure:1770: result: mawk
configure:1780: checking whether make sets $(MAKE)
configure:1800: result: yes
configure:1955: checking whether to enable maintainer-specific portions of Makefiles
configure:1964: result: no
configure:1986: checking build system type
configure:2004: result: i686-pc-linux-gnu
configure:2012: checking host system type
configure:2026: result: i686-pc-linux-gnu
configure:2118: checking for style of include used by make
configure:2146: result: GNU
configure:2217: checking for gcc
configure:2233: found /usr/bin/gcc
configure:2243: result: gcc
configure:2487: checking for C compiler version
configure:2490: gcc --version </dev/null >&5
gcc (Ubuntu/Linaro 4.6.3-1ubuntu5) 4.6.3
Copyright (C) 2011 Free Software Foundation, Inc.
This is free software; see the source for copying conditions.  There is NO
warranty; not even for MERCHANTABILITY or FITNESS FOR A PARTICULAR PURPOSE.

configure:2493: $? = 0
configure:2495: gcc -v </dev/null >&5
Using built-in specs.
COLLECT_GCC=gcc
COLLECT_LTO_WRAPPER=/usr/lib/gcc/i686-linux-gnu/4.6/lto-wrapper
Target: i686-linux-gnu
Configured with: ../src/configure -v --with-pkgversion='Ubuntu/Linaro 4.6.3-1ubuntu5' --with-bugurl=file:///usr/share/doc/gcc-4.6/README.Bugs --enable-languages=c,c++,fortran,objc,obj-c++ --prefix=/usr --program-suffix=-4.6 --enable-shared --enable-linker-build-id --with-system-zlib --libexecdir=/usr/lib --without-included-gettext --enable-threads=posix --with-gxx-include-dir=/usr/include/c++/4.6 --libdir=/usr/lib --enable-nls --with-sysroot=/ --enable-clocale=gnu --enable-libstdcxx-debug --enable-libstdcxx-time=yes --enable-gnu-unique-object --enable-plugin --enable-objc-gc --enable-targets=all --disable-werror --with-arch-32=i686 --with-tune=generic --enable-checking=release --build=i686-linux-gnu --host=i686-linux-gnu --target=i686-linux-gnu
Thread model: posix
gcc version 4.6.3 (Ubuntu/Linaro 4.6.3-1ubuntu5) 
configure:2498: $? = 0
configure:2500: gcc -V </dev/null >&5
gcc: error: unrecognized option '-V'
gcc: fatal error: no input files
compilation terminated.
configure:2503: $? = 4
configure:2526: checking for C compiler default output file name
configure:2529: gcc    conftest.c  >&5
configure:2532: $? = 0
configure:2578: result: a.out
configure:2583: checking whether the C compiler works
configure:2589: ./a.out
configure:2592: $? = 0
configure:2609: result: yes
configure:2616: checking whether we are cross compiling
configure:2618: result: no
configure:2621: checking for suffix of executables
configure:2623: gcc -o conftest    conftest.c  >&5
configure:2626: $? = 0
configure:2651: result: 
configure:2657: checking for suffix of object files
configure:2678: gcc -c   conftest.c >&5
configure:2681: $? = 0
configure:2703: result: o
configure:2707: checking whether we are using the GNU C compiler
configure:2731: gcc -c   conftest.c >&5
configure:2737: $? = 0
configure:2740: test -z 			 || test ! -s conftest.err
configure:2743: $? = 0
configure:2746: test -s conftest.o
configure:2749: $? = 0
configure:2762: result: yes
configure:2768: checking whether gcc accepts -g
configure:2789: gcc -c -g  conftest.c >&5
configure:2795: $? = 0
configure:2798: test -z 			 || test ! -s conftest.err
configure:2801: $? = 0
configure:2804: test -s conftest.o
configure:2807: $? = 0
configure:2818: result: yes
configure:2835: checking for gcc option to accept ANSI C
configure:2905: gcc  -c -g -O2  conftest.c >&5
configure:2911: $? = 0
configure:2914: test -z 			 || test ! -s conftest.err
configure:2917: $? = 0
configure:2920: test -s conftest.o
configure:2923: $? = 0
configure:2941: result: none needed
configure:2959: gcc -c -g -O2  conftest.c >&5
conftest.c:2:3: error: unknown type name 'choke'
conftest.c:2:3: error: expected '=', ',', ';', 'asm' or '__attribute__' at end of input
configure:2965: $? = 1
configure: failed program was:
| #ifndef __cplusplus
|   choke me
| #endif
configure:3097: checking dependency style of gcc
configure:3187: result: gcc3
configure:3204: checking for a sed that does not truncate output
configure:3258: result: /bin/sed
configure:3261: checking for egrep
configure:3271: result: grep -E
configure:3287: checking for ld used by gcc
configure:3354: result: /usr/bin/ld
configure:3363: checking if the linker (/usr/bin/ld) is GNU ld
configure:3378: result: yes
configure:3383: checking for /usr/bin/ld option to reload object files
configure:3390: result: -r
configure:3399: checking for BSD-compatible nm
configure:3441: result: /usr/bin/nm -B
configure:3445: checking whether ln -s works
configure:3449: result: yes
configure:3456: checking how to recognise dependent libraries
configure:3630: result: pass_all
configure:3843: checking how to run the C preprocessor
configure:3878: gcc -E  conftest.c
configure:3884: $? = 0
configure:3916: gcc -E  conftest.c
conftest.c:9:28: fatal error: ac_nonexistent.h: No such file or directory
compilation terminated.
configure:3922: $? = 1
configure: failed program was:
| /* confdefs.h.  */
| 
| #define PACKAGE_NAME ""
| #define PACKAGE_TARNAME ""
| #define PACKAGE_VERSION ""
| #define PACKAGE_STRING ""
| #define PACKAGE_BUGREPORT ""
| /* end confdefs.h.  */
| #include <ac_nonexistent.h>
configure:3961: result: gcc -E
configure:3985: gcc -E  conftest.c
configure:3991: $? = 0
configure:4023: gcc -E  conftest.c
conftest.c:9:28: fatal error: ac_nonexistent.h: No such file or directory
compilation terminated.
configure:4029: $? = 1
configure: failed program was:
| /* confdefs.h.  */
| 
| #define PACKAGE_NAME ""
| #define PACKAGE_TARNAME ""
| #define PACKAGE_VERSION ""
| #define PACKAGE_STRING ""
| #define PACKAGE_BUGREPORT ""
| /* end confdefs.h.  */
| #include <ac_nonexistent.h>
configure:4073: checking for ANSI C header files
configure:4098: gcc -c -g -O2  conftest.c >&5
configure:4104: $? = 0
configure:4107: test -z 			 || test ! -s conftest.err
configure:4110: $? = 0
configure:4113: test -s conftest.o
configure:4116: $? = 0
configure:4205: gcc -o conftest -g -O2   conftest.c  >&5
conftest.c: In function 'main':
conftest.c:26:7: warning: incompatible implicit declaration of built-in function 'exit' [enabled by default]
configure:4208: $? = 0
configure:4210: ./conftest
configure:4213: $? = 0
configure:4228: result: yes
configure:4252: checking for sys/types.h
configure:4268: gcc -c -g -O2  conftest.c >&5
configure:4274: $? = 0
configure:4277: test -z 			 || test ! -s conftest.err
configure:4280: $? = 0
configure:4283: test -s conftest.o
configure:4286: $? = 0
configure:4297: result: yes
configure:4252: checking for sys/stat.h
configure:4268: gcc -c -g -O2  conftest.c >&5
configure:4274: $? = 0
configure:4277: test -z 			 || test ! -s conftest.err
configure:4280: $? = 0
configure:4283: test -s conftest.o
configure:4286: $? = 0
configure:4297: result: yes
configure:4252: checking for stdlib.h
configure:4268: gcc -c -g -O2  conftest.c >&5
configure:4274: $? = 0
configure:4277: test -z 			 || test ! -s conftest.err
configure:4280: $? = 0
configure:4283: test -s conftest.o
configure:4286: $? = 0
configure:4297: result: yes
configure:4252: checking for string.h
configure:4268: gcc -c -g -O2  conftest.c >&5
configure:4274: $? = 0
configure:4277: test -z 			 || test ! -s conftest.err
configure:4280: $? = 0
configure:4283: test -s conftest.o
configure:4286: $? = 0
configure:4297: result: yes
configure:4252: checking for memory.h
configure:4268: gcc -c -g -O2  conftest.c >&5
configure:4274: $? = 0
configure:4277: test -z 			 || test ! -s conftest.err
configure:4280: $? = 0
configure:4283: test -s conftest.o
configure:4286: $? = 0
configure:4297: result: yes
configure:4252: checking for strings.h
configure:4268: gcc -c -g -O2  conftest.c >&5
configure:4274: $? = 0
configure:4277: test -z 			 || test ! -s conftest.err
configure:4280: $? = 0
configure:4283: test -s conftest.o
configure:4286: $? = 0
configure:4297: result: yes
configure:4252: checking for inttypes.h
configure:4268: gcc -c -g -O2  conftest.c >&5
configure:4274: $? = 0
configure:4277: test -z 			 || test ! -s conftest.err
configure:4280: $? = 0
configure:4283: test -s conftest.o
configure:4286: $? = 0
configure:4297: result: yes
configure:4252: checking for stdint.h
configure:4268: gcc -c -g -O2  conftest.c >&5
configure:4274: $? = 0
configure:4277: test -z 			 || test ! -s conftest.err
configure:4280: $? = 0
configure:4283: test -s conftest.o
configure:4286: $? = 0
configure:4297: result: yes
configure:4252: checking for unistd.h
configure:4268: gcc -c -g -O2  conftest.c >&5
configure:4274: $? = 0
configure:4277: test -z 			 || test ! -s conftest.err
configure:4280: $? = 0
configure:4283: test -s conftest.o
configure:4286: $? = 0
configure:4297: result: yes
configure:4323: checking dlfcn.h usability
configure:4335: gcc -c -g -O2  conftest.c >&5
configure:4341: $? = 0
configure:4344: test -z 			 || test ! -s conftest.err
configure:4347: $? = 0
configure:4350: test -s conftest.o
configure:4353: $? = 0
configure:4363: result: yes
configure:4367: checking dlfcn.h presence
configure:4377: gcc -E  conftest.c
configure:4383: $? = 0
configure:4403: result: yes
configure:4438: checking for dlfcn.h
configure:4445: result: yes
configure:4510: checking for g++
configure:4526: found /usr/bin/g++
configure:4536: result: g++
configure:4552: checking for C++ compiler version
configure:4555: g++ --version </dev/null >&5
g++ (Ubuntu/Linaro 4.6.3-1ubuntu5) 4.6.3
Copyright (C) 2011 Free Software Foundation, Inc.
This is free software; see the source for copying conditions.  There is NO
warranty; not even for MERCHANTABILITY or FITNESS FOR A PARTICULAR PURPOSE.

configure:4558: $? = 0
configure:4560: g++ -v </dev/null >&5
Using built-in specs.
COLLECT_GCC=g++
COLLECT_LTO_WRAPPER=/usr/lib/gcc/i686-linux-gnu/4.6/lto-wrapper
Target: i686-linux-gnu
Configured with: ../src/configure -v --with-pkgversion='Ubuntu/Linaro 4.6.3-1ubuntu5' --with-bugurl=file:///usr/share/doc/gcc-4.6/README.Bugs --enable-languages=c,c++,fortran,objc,obj-c++ --prefix=/usr --program-suffix=-4.6 --enable-shared --enable-linker-build-id --with-system-zlib --libexecdir=/usr/lib --without-included-gettext --enable-threads=posix --with-gxx-include-dir=/usr/include/c++/4.6 --libdir=/usr/lib --enable-nls --with-sysroot=/ --enable-clocale=gnu --enable-libstdcxx-debug --enable-libstdcxx-time=yes --enable-gnu-unique-object --enable-plugin --enable-objc-gc --enable-targets=all --disable-werror --with-arch-32=i686 --with-tune=generic --enable-checking=release --build=i686-linux-gnu --host=i686-linux-gnu --target=i686-linux-gnu
Thread model: posix
gcc version 4.6.3 (Ubuntu/Linaro 4.6.3-1ubuntu5) 
configure:4563: $? = 0
configure:4565: g++ -V </dev/null >&5
g++: error: unrecognized option '-V'
g++: fatal error: no input files
compilation terminated.
configure:4568: $? = 4
configure:4571: checking whether we are using the GNU C++ compiler
configure:4595: g++ -c   conftest.cc >&5
configure:4601: $? = 0
configure:4604: test -z 			 || test ! -s conftest.err
configure:4607: $? = 0
configure:4610: test -s conftest.o
configure:4613: $? = 0
configure:4626: result: yes
configure:4632: checking whether g++ accepts -g
configure:4653: g++ -c -g  conftest.cc >&5
configure:4659: $? = 0
configure:4662: test -z 			 || test ! -s conftest.err
configure:4665: $? = 0
configure:4668: test -s conftest.o
configure:4671: $? = 0
configure:4682: result: yes
configure:4724: g++ -c -g -O2  conftest.cc >&5
configure:4730: $? = 0
configure:4733: test -z 			 || test ! -s conftest.err
configure:4736: $? = 0
configure:4739: test -s conftest.o
configure:4742: $? = 0
configure:4768: g++ -c -g -O2  conftest.cc >&5
conftest.cc: In function 'int main()':
conftest.cc:24:9: error: 'exit' was not declared in this scope
configure:4774: $? = 1
configure: failed program was:
| /* confdefs.h.  */
| 
| #define PACKAGE_NAME ""
| #define PACKAGE_TARNAME ""
| #define PACKAGE_VERSION ""
| #define PACKAGE_STRING ""
| #define PACKAGE_BUGREPORT ""
| #define STDC_HEADERS 1
| #define HAVE_SYS_TYPES_H 1
| #define HAVE_SYS_STAT_H 1
| #define HAVE_STDLIB_H 1
| #define HAVE_STRING_H 1
| #define HAVE_MEMORY_H 1
| #define HAVE_STRINGS_H 1
| #define HAVE_INTTYPES_H 1
| #define HAVE_STDINT_H 1
| #define HAVE_UNISTD_H 1
| #define HAVE_DLFCN_H 1
| /* end confdefs.h.  */
| 
| int
| main ()
| {
| exit (42);
|   ;
|   return 0;
| }
configure:4724: g++ -c -g -O2  conftest.cc >&5
conftest.cc:20:40: error: 'void std::exit(int)' should have been declared inside 'std'
configure:4730: $? = 1
configure: failed program was:
| /* confdefs.h.  */
| 
| #define PACKAGE_NAME ""
| #define PACKAGE_TARNAME ""
| #define PACKAGE_VERSION ""
| #define PACKAGE_STRING ""
| #define PACKAGE_BUGREPORT ""
| #define STDC_HEADERS 1
| #define HAVE_SYS_TYPES_H 1
| #define HAVE_SYS_STAT_H 1
| #define HAVE_STDLIB_H 1
| #define HAVE_STRING_H 1
| #define HAVE_MEMORY_H 1
| #define HAVE_STRINGS_H 1
| #define HAVE_INTTYPES_H 1
| #define HAVE_STDINT_H 1
| #define HAVE_UNISTD_H 1
| #define HAVE_DLFCN_H 1
| /* end confdefs.h.  */
| extern "C" void std::exit (int) throw (); using std::exit;
| #include <stdlib.h>
| int
| main ()
| {
| exit (42);
|   ;
|   return 0;
| }
configure:4724: g++ -c -g -O2  conftest.cc >&5
conftest.cc:20:31: error: 'void std::exit(int)' should have been declared inside 'std'
In file included from conftest.cc:21:0:
/usr/include/stdlib.h:544:70: error: declaration of 'void std::exit(int) throw ()' has a different exception specifier
conftest.cc:20:17: error: from previous declaration 'void std::exit(int)'
configure:4730: $? = 1
configure: failed program was:
| /* confdefs.h.  */
| 
| #define PACKAGE_NAME ""
| #define PACKAGE_TARNAME ""
| #define PACKAGE_VERSION ""
| #define PACKAGE_STRING ""
| #define PACKAGE_BUGREPORT ""
| #define STDC_HEADERS 1
| #define HAVE_SYS_TYPES_H 1
| #define HAVE_SYS_STAT_H 1
| #define HAVE_STDLIB_H 1
| #define HAVE_STRING_H 1
| #define HAVE_MEMORY_H 1
| #define HAVE_STRINGS_H 1
| #define HAVE_INTTYPES_H 1
| #define HAVE_STDINT_H 1
| #define HAVE_UNISTD_H 1
| #define HAVE_DLFCN_H 1
| /* end confdefs.h.  */
| extern "C" void std::exit (int); using std::exit;
| #include <stdlib.h>
| int
| main ()
| {
| exit (42);
|   ;
|   return 0;
| }
configure:4724: g++ -c -g -O2  conftest.cc >&5
configure:4730: $? = 0
configure:4733: test -z 			 || test ! -s conftest.err
configure:4736: $? = 0
configure:4739: test -s conftest.o
configure:4742: $? = 0
configure:4768: g++ -c -g -O2  conftest.cc >&5
configure:4774: $? = 0
configure:4777: test -z 			 || test ! -s conftest.err
configure:4780: $? = 0
configure:4783: test -s conftest.o
configure:4786: $? = 0
configure:4811: checking dependency style of g++
configure:4901: result: gcc3
configure:4923: checking how to run the C++ preprocessor
configure:4954: g++ -E  conftest.cc
configure:4960: $? = 0
configure:4992: g++ -E  conftest.cc
conftest.cc:23:28: fatal error: ac_nonexistent.h: No such file or directory
compilation terminated.
configure:4998: $? = 1
configure: failed program was:
| /* confdefs.h.  */
| 
| #define PACKAGE_NAME ""
| #define PACKAGE_TARNAME ""
| #define PACKAGE_VERSION ""
| #define PACKAGE_STRING ""
| #define PACKAGE_BUGREPORT ""
| #define STDC_HEADERS 1
| #define HAVE_SYS_TYPES_H 1
| #define HAVE_SYS_STAT_H 1
| #define HAVE_STDLIB_H 1
| #define HAVE_STRING_H 1
| #define HAVE_MEMORY_H 1
| #define HAVE_STRINGS_H 1
| #define HAVE_INTTYPES_H 1
| #define HAVE_STDINT_H 1
| #define HAVE_UNISTD_H 1
| #define HAVE_DLFCN_H 1
| #ifdef __cplusplus
| extern "C" void exit (int) throw ();
| #endif
| /* end confdefs.h.  */
| #include <ac_nonexistent.h>
configure:5037: result: g++ -E
configure:5061: g++ -E  conftest.cc
configure:5067: $? = 0
configure:5099: g++ -E  conftest.cc
conftest.cc:23:28: fatal error: ac_nonexistent.h: No such file or directory
compilation terminated.
configure:5105: $? = 1
configure: failed program was:
| /* confdefs.h.  */
| 
| #define PACKAGE_NAME ""
| #define PACKAGE_TARNAME ""
| #define PACKAGE_VERSION ""
| #define PACKAGE_STRING ""
| #define PACKAGE_BUGREPORT ""
| #define STDC_HEADERS 1
| #define HAVE_SYS_TYPES_H 1
| #define HAVE_SYS_STAT_H 1
| #define HAVE_STDLIB_H 1
| #define HAVE_STRING_H 1
| #define HAVE_MEMORY_H 1
| #define HAVE_STRINGS_H 1
| #define HAVE_INTTYPES_H 1
| #define HAVE_STDINT_H 1
| #define HAVE_UNISTD_H 1
| #define HAVE_DLFCN_H 1
| #ifdef __cplusplus
| extern "C" void exit (int) throw ();
| #endif
| /* end confdefs.h.  */
| #include <ac_nonexistent.h>
configure:5200: checking for g77
configure:5229: result: no
configure:5200: checking for f77
configure:5229: result: no
configure:5200: checking for xlf
configure:5229: result: no
configure:5200: checking for frt
configure:5229: result: no
configure:5200: checking for pgf77
configure:5229: result: no
configure:5200: checking for fort77
configure:5229: result: no
configure:5200: checking for fl32
configure:5229: result: no
configure:5200: checking for af77
configure:5229: result: no
configure:5200: checking for f90
configure:5229: result: no
configure:5200: checking for xlf90
configure:5229: result: no
configure:5200: checking for pgf90
configure:5229: result: no
configure:5200: checking for epcf90
configure:5229: result: no
configure:5200: checking for f95
configure:5229: result: no
configure:5200: checking for fort
configure:5229: result: no
configure:5200: checking for xlf95
configure:5229: result: no
configure:5200: checking for ifc
configure:5229: result: no
configure:5200: checking for efc
configure:5229: result: no
configure:5200: checking for pgf95
configure:5229: result: no
configure:5200: checking for lf95
configure:5229: result: no
configure:5200: checking for gfortran
configure:5229: result: no
configure:5241: checking for Fortran 77 compiler version
configure:5244:  --version </dev/null >&5
./configure: line 5245: --version: command not found
configure:5247: $? = 127
configure:5249:  -v </dev/null >&5
./configure: line 5250: -v: command not found
configure:5252: $? = 127
configure:5254:  -V </dev/null >&5
./configure: line 5255: -V: command not found
configure:5257: $? = 127
configure:5265: checking whether we are using the GNU Fortran 77 compiler
configure:5279:  -c  conftest.F >&5
./configure: line 5280: -c: command not found
configure:5285: $? = 127
configure: failed program was:
|       program main
| #ifndef __GNUC__
|        choke me
| #endif
| 
|       end
configure:5310: result: no
configure:5316: checking whether  accepts -g
configure:5328:  -c -g conftest.f >&5
./configure: line 5329: -c: command not found
configure:5334: $? = 127
configure: failed program was:
|       program main
| 
|       end
configure:5358: result: no
configure:5388: checking the maximum length of command line arguments
configure:5453: result: 32768
configure:5464: checking command to parse /usr/bin/nm -B output from gcc object
configure:5553: gcc -c -g -O2  conftest.c >&5
configure:5556: $? = 0
configure:5560: /usr/bin/nm -B conftest.o \| sed -n -e 's/^.*[ 	]\([ABCDGIRSTW][ABCDGIRSTW]*\)[ 	][ 	]*\(\)\([_A-Za-z][_A-Za-z0-9]*\)$/\1 \2\3 \3/p' \> conftest.nm
configure:5563: $? = 0
configure:5615: gcc -o conftest -g -O2   conftest.c conftstm.o >&5
configure:5618: $? = 0
configure:5656: result: ok
configure:5660: checking for objdir
configure:5675: result: .libs
configure:5765: checking for ar
configure:5781: found /usr/bin/ar
configure:5792: result: ar
configure:5845: checking for ranlib
configure:5861: found /usr/bin/ranlib
configure:5872: result: ranlib
configure:5925: checking for strip
configure:5941: found /usr/bin/strip
configure:5952: result: strip
configure:6214: checking if gcc static flag  works
configure:6237: result: yes
configure:6255: checking if gcc supports -fno-rtti -fno-exceptions
configure:6273: gcc -c -g -O2  -fno-rtti -fno-exceptions conftest.c >&5
cc1: warning: command line option '-fno-rtti' is valid for C++/ObjC++ but not for C [enabled by default]
configure:6277: $? = 0
configure:6288: result: no
configure:6303: checking for gcc option to produce PIC
configure:6480: result: -fPIC
configure:6488: checking if gcc PIC flag -fPIC works
configure:6506: gcc -c -g -O2  -fPIC -DPIC conftest.c >&5
configure:6510: $? = 0
configure:6521: result: yes
configure:6545: checking if gcc supports -c -o file.o
configure:6566: gcc -c -g -O2  -o out/conftest2.o conftest.c >&5
configure:6570: $? = 0
configure:6590: result: yes
configure:6616: checking whether the gcc linker (/usr/bin/ld) supports shared libraries
configure:7463: result: yes
configure:7489: checking whether -lc should be explicitly linked in
configure:7494: gcc -c -g -O2  conftest.c >&5
configure:7497: $? = 0
configure:7511: gcc -shared conftest.o  -v -Wl,-soname -Wl,conftest -o conftest 2\>\&1 \| grep  -lc  \>/dev/null 2\>\&1
configure:7514: $? = 0
configure:7526: result: no
configure:7534: checking dynamic linker characteristics
configure:8086: result: GNU/Linux ld.so
configure:8090: checking how to hardcode library paths into programs
configure:8115: result: immediate
configure:8129: checking whether stripping libraries is possible
configure:8134: result: yes
configure:8957: checking if libtool supports shared libraries
configure:8959: result: yes
configure:8962: checking whether to build shared libraries
configure:9020: result: yes
configure:9023: checking whether to build static libraries
configure:9027: result: yes
configure:9119: creating libtool
configure:9666: checking for ld used by g++
configure:9733: result: /usr/bin/ld
configure:9742: checking if the linker (/usr/bin/ld) is GNU ld
configure:9757: result: yes
configure:9808: checking whether the g++ linker (/usr/bin/ld) supports shared libraries
configure:10634: result: yes
configure:10652: g++ -c -g -O2  conftest.cc >&5
configure:10655: $? = 0
configure:10751: checking for g++ option to produce PIC
configure:11003: result: -fPIC
configure:11011: checking if g++ PIC flag -fPIC works
configure:11029: g++ -c -g -O2  -fPIC -DPIC conftest.cc >&5
configure:11033: $? = 0
configure:11044: result: yes
configure:11068: checking if g++ supports -c -o file.o
configure:11089: g++ -c -g -O2  -o out/conftest2.o conftest.cc >&5
configure:11093: $? = 0
configure:11113: result: yes
configure:11139: checking whether the g++ linker (/usr/bin/ld) supports shared libraries
configure:11167: result: yes
configure:11238: checking dynamic linker characteristics
configure:11790: result: GNU/Linux ld.so
configure:11794: checking how to hardcode library paths into programs
configure:11819: result: immediate
configure:11833: checking whether stripping libraries is possible
configure:11838: result: yes
configure:19082: checking whether byte ordering is bigendian
configure:19109: gcc -c -g -O2  conftest.c >&5
configure:19115: $? = 0
configure:19118: test -z 			 || test ! -s conftest.err
configure:19121: $? = 0
configure:19124: test -s conftest.o
configure:19127: $? = 0
configure:19151: gcc -c -g -O2  conftest.c >&5
conftest.c: In function 'main':
conftest.c:30:2: error: unknown type name 'not'
conftest.c:30:10: error: expected '=', ',', ';', 'asm' or '__attribute__' before 'endian'
configure:19157: $? = 1
configure: failed program was:
| /* confdefs.h.  */
| 
| #define PACKAGE_NAME ""
| #define PACKAGE_TARNAME ""
| #define PACKAGE_VERSION ""
| #define PACKAGE_STRING ""
| #define PACKAGE_BUGREPORT ""
| #define STDC_HEADERS 1
| #define HAVE_SYS_TYPES_H 1
| #define HAVE_SYS_STAT_H 1
| #define HAVE_STDLIB_H 1
| #define HAVE_STRING_H 1
| #define HAVE_MEMORY_H 1
| #define HAVE_STRINGS_H 1
| #define HAVE_INTTYPES_H 1
| #define HAVE_STDINT_H 1
| #define HAVE_UNISTD_H 1
| #define HAVE_DLFCN_H 1
| #ifdef __cplusplus
| extern "C" void exit (int) throw ();
| #endif
| /* end confdefs.h.  */
| #include <sys/types.h>
| #include <sys/param.h>
| 
| int
| main ()
| {
| #if BYTE_ORDER != BIG_ENDIAN
|  not big endian
| #endif
| 
|   ;
|   return 0;
| }
configure:19290: result: no
configure:19309: checking for an ANSI C-conforming const
configure:19376: gcc -c -g -O2  conftest.c >&5
configure:19382: $? = 0
configure:19385: test -z 			 || test ! -s conftest.err
configure:19388: $? = 0
configure:19391: test -s conftest.o
configure:19394: $? = 0
configure:19405: result: yes
configure:19415: checking for inline
configure:19436: gcc -c -g -O2  conftest.c >&5
configure:19442: $? = 0
configure:19445: test -z 			 || test ! -s conftest.err
configure:19448: $? = 0
configure:19451: test -s conftest.o
configure:19454: $? = 0
configure:19466: result: inline
configure:19485: checking for C/C++ restrict keyword
configure:19503: gcc -c -g -O2  conftest.c >&5
conftest.c:23:18: error: expected '=', ',', ';', 'asm' or '__attribute__' before 'x'
configure:19509: $? = 1
configure: failed program was:
| /* confdefs.h.  */
| 
| #define PACKAGE_NAME ""
| #define PACKAGE_TARNAME ""
| #define PACKAGE_VERSION ""
| #define PACKAGE_STRING ""
| #define PACKAGE_BUGREPORT ""
| #define STDC_HEADERS 1
| #define HAVE_SYS_TYPES_H 1
| #define HAVE_SYS_STAT_H 1
| #define HAVE_STDLIB_H 1
| #define HAVE_STRING_H 1
| #define HAVE_MEMORY_H 1
| #define HAVE_STRINGS_H 1
| #define HAVE_INTTYPES_H 1
| #define HAVE_STDINT_H 1
| #define HAVE_UNISTD_H 1
| #define HAVE_DLFCN_H 1
| #ifdef __cplusplus
| extern "C" void exit (int) throw ();
| #endif
| /* end confdefs.h.  */
| float * restrict x;
configure:19503: gcc -c -g -O2  conftest.c >&5
configure:19509: $? = 0
configure:19512: test -z 			 || test ! -s conftest.err
configure:19515: $? = 0
configure:19518: test -s conftest.o
configure:19521: $? = 0
configure:19533: result: __restrict
configure:19550: checking for C99 variable-size arrays
configure:19571: gcc -c -g -O2  conftest.c >&5
configure:19577: $? = 0
configure:19580: test -z 			 || test ! -s conftest.err
configure:19583: $? = 0
configure:19586: test -s conftest.o
configure:19589: $? = 0
configure:19605: result: yes
configure:19608: checking for alloca
configure:19629: gcc -c -g -O2  conftest.c >&5
configure:19635: $? = 0
configure:19638: test -z 			 || test ! -s conftest.err
configure:19641: $? = 0
configure:19644: test -s conftest.o
configure:19647: $? = 0
configure:19667: result: yes
configure:19686: checking sys/soundcard.h usability
configure:19698: gcc -c -g -O2  conftest.c >&5
configure:19704: $? = 0
configure:19707: test -z 			 || test ! -s conftest.err
configure:19710: $? = 0
configure:19713: test -s conftest.o
configure:19716: $? = 0
configure:19726: result: yes
configure:19730: checking sys/soundcard.h presence
configure:19740: gcc -E  conftest.c
configure:19746: $? = 0
configure:19766: result: yes
configure:19801: checking for sys/soundcard.h
configure:19808: result: yes
configure:19686: checking sys/audioio.h usability
configure:19698: gcc -c -g -O2  conftest.c >&5
conftest.c:60:25: fatal error: sys/audioio.h: No such file or directory
compilation terminated.
configure:19704: $? = 1
configure: failed program was:
| /* confdefs.h.  */
| 
| #define PACKAGE_NAME ""
| #define PACKAGE_TARNAME ""
| #define PACKAGE_VERSION ""
| #define PACKAGE_STRING ""
| #define PACKAGE_BUGREPORT ""
| #define STDC_HEADERS 1
| #define HAVE_SYS_TYPES_H 1
| #define HAVE_SYS_STAT_H 1
| #define HAVE_STDLIB_H 1
| #define HAVE_STRING_H 1
| #define HAVE_MEMORY_H 1
| #define HAVE_STRINGS_H 1
| #define HAVE_INTTYPES_H 1
| #define HAVE_STDINT_H 1
| #define HAVE_UNISTD_H 1
| #define HAVE_DLFCN_H 1
| #ifdef __cplusplus
| extern "C" void exit (int) throw ();
| #endif
| #define restrict __restrict
| #define VAR_ARRAYS
| #define HAVE_SYS_SOUNDCARD_H 1
| /* end confdefs.h.  */
| #include <stdio.h>
| #if HAVE_SYS_TYPES_H
| # include <sys/types.h>
| #endif
| #if HAVE_SYS_STAT_H
| # include <sys/stat.h>
| #endif
| #if STDC_HEADERS
| # include <stdlib.h>
| # include <stddef.h>
| #else
| # if HAVE_STDLIB_H
| #  include <stdlib.h>
| # endif
| #endif
| #if HAVE_STRING_H
| # if !STDC_HEADERS && HAVE_MEMORY_H
| #  include <memory.h>
| # endif
| # include <string.h>
| #endif
| #if HAVE_STRINGS_H
| # include <strings.h>
| #endif
| #if HAVE_INTTYPES_H
| # include <inttypes.h>
| #else
| # if HAVE_STDINT_H
| #  include <stdint.h>
| # endif
| #endif
| #if HAVE_UNISTD_H
| # include <unistd.h>
| #endif
| #include <sys/audioio.h>
configure:19726: result: no
configure:19730: checking sys/audioio.h presence
configure:19740: gcc -E  conftest.c
conftest.c:26:25: fatal error: sys/audioio.h: No such file or directory
compilation terminated.
configure:19746: $? = 1
configure: failed program was:
| /* confdefs.h.  */
| 
| #define PACKAGE_NAME ""
| #define PACKAGE_TARNAME ""
| #define PACKAGE_VERSION ""
| #define PACKAGE_STRING ""
| #define PACKAGE_BUGREPORT ""
| #define STDC_HEADERS 1
| #define HAVE_SYS_TYPES_H 1
| #define HAVE_SYS_STAT_H 1
| #define HAVE_STDLIB_H 1
| #define HAVE_STRING_H 1
| #define HAVE_MEMORY_H 1
| #define HAVE_STRINGS_H 1
| #define HAVE_INTTYPES_H 1
| #define HAVE_STDINT_H 1
| #define HAVE_UNISTD_H 1
| #define HAVE_DLFCN_H 1
| #ifdef __cplusplus
| extern "C" void exit (int) throw ();
| #endif
| #define restrict __restrict
| #define VAR_ARRAYS
| #define HAVE_SYS_SOUNDCARD_H 1
| /* end confdefs.h.  */
| #include <sys/audioio.h>
configure:19766: result: no
configure:19801: checking for sys/audioio.h
configure:19808: result: no
configure:19872: checking for Ogg
configure:19907: gcc -o conftest -g -O2 -I/root/Downloads/0.1.0/speex/../install/usr/include   conftest.c  -L/root/Downloads/0.1.0/speex/../install/usr/lib -logg >&5
conftest.c:30:21: fatal error: ogg/ogg.h: No such file or directory
compilation terminated.
configure:19910: $? = 1
configure: program exited with status 1
configure: failed program was:
| /* confdefs.h.  */
| 
| #define PACKAGE_NAME ""
| #define PACKAGE_TARNAME ""
| #define PACKAGE_VERSION ""
| #define PACKAGE_STRING ""
| #define PACKAGE_BUGREPORT ""
| #define STDC_HEADERS 1
| #define HAVE_SYS_TYPES_H 1
| #define HAVE_SYS_STAT_H 1
| #define HAVE_STDLIB_H 1
| #define HAVE_STRING_H 1
| #define HAVE_MEMORY_H 1
| #define HAVE_STRINGS_H 1
| #define HAVE_INTTYPES_H 1
| #define HAVE_STDINT_H 1
| #define HAVE_UNISTD_H 1
| #define HAVE_DLFCN_H 1
| #ifdef __cplusplus
| extern "C" void exit (int) throw ();
| #endif
| #define restrict __restrict
| #define VAR_ARRAYS
| #define HAVE_SYS_SOUNDCARD_H 1
| /* end confdefs.h.  */
| 
| #include <stdio.h>
| #include <stdlib.h>
| #include <string.h>
| #include <ogg/ogg.h>
| 
| int main ()
| {
|   system("touch conf.oggtest");
|   return 0;
| }
| 
| 
configure:19937: result: no
configure:19964: gcc -o conftest -g -O2 -I/root/Downloads/0.1.0/speex/../install/usr/include   conftest.c  -L/root/Downloads/0.1.0/speex/../install/usr/lib -logg >&5
conftest.c:28:21: fatal error: ogg/ogg.h: No such file or directory
compilation terminated.
configure:19970: $? = 1
configure: failed program was:
| /* confdefs.h.  */
| 
| #define PACKAGE_NAME ""
| #define PACKAGE_TARNAME ""
| #define PACKAGE_VERSION ""
| #define PACKAGE_STRING ""
| #define PACKAGE_BUGREPORT ""
| #define STDC_HEADERS 1
| #define HAVE_SYS_TYPES_H 1
| #define HAVE_SYS_STAT_H 1
| #define HAVE_STDLIB_H 1
| #define HAVE_STRING_H 1
| #define HAVE_MEMORY_H 1
| #define HAVE_STRINGS_H 1
| #define HAVE_INTTYPES_H 1
| #define HAVE_STDINT_H 1
| #define HAVE_UNISTD_H 1
| #define HAVE_DLFCN_H 1
| #ifdef __cplusplus
| extern "C" void exit (int) throw ();
| #endif
| #define restrict __restrict
| #define VAR_ARRAYS
| #define HAVE_SYS_SOUNDCARD_H 1
| /* end confdefs.h.  */
| 
| #include <stdio.h>
| #include <ogg/ogg.h>
| 
| int
| main ()
| {
|  return 0;
|   ;
|   return 0;
| }
configure:20017: checking for sin in -lm
configure:20047: gcc -o conftest -g -O2   conftest.c -lm   >&5
conftest.c:33:6: warning: conflicting types for built-in function 'sin' [enabled by default]
configure:20053: $? = 0
configure:20056: test -z 			 || test ! -s conftest.err
configure:20059: $? = 0
configure:20062: test -s conftest
configure:20065: $? = 0
configure:20078: result: yes
configure:20095: checking for getopt_long
configure:20152: gcc -o conftest -g -O2   conftest.c -lm  >&5
configure:20158: $? = 0
configure:20161: test -z 			 || test ! -s conftest.err
configure:20164: $? = 0
configure:20167: test -s conftest
configure:20170: $? = 0
configure:20182: result: yes
configure:20284: checking for main in -lwinmm
configure:20308: gcc -o conftest -g -O2   conftest.c -lwinmm  -lm  >&5
/usr/bin/ld: cannot find -lwinmm
collect2: ld returned 1 exit status
configure:20314: $? = 1
configure: failed program was:
| /* confdefs.h.  */
| 
| #define PACKAGE_NAME ""
| #define PACKAGE_TARNAME ""
| #define PACKAGE_VERSION ""
| #define PACKAGE_STRING ""
| #define PACKAGE_BUGREPORT ""
| #define STDC_HEADERS 1
| #define HAVE_SYS_TYPES_H 1
| #define HAVE_SYS_STAT_H 1
| #define HAVE_STDLIB_H 1
| #define HAVE_STRING_H 1
| #define HAVE_MEMORY_H 1
| #define HAVE_STRINGS_H 1
| #define HAVE_INTTYPES_H 1
| #define HAVE_STDINT_H 1
| #define HAVE_UNISTD_H 1
| #define HAVE_DLFCN_H 1
| #ifdef __cplusplus
| extern "C" void exit (int) throw ();
| #endif
| #define restrict __restrict
| #define VAR_ARRAYS
| #define HAVE_SYS_SOUNDCARD_H 1
| #define HAVE_LIBM 1
| #define HAVE_GETOPT_LONG 1
| /* end confdefs.h.  */
| 
| 
| int
| main ()
| {
| main ();
|   ;
|   return 0;
| }
configure:20339: result: no
configure:20512: checking for short
configure:20536: gcc -c -g -O2  conftest.c >&5
configure:20542: $? = 0
configure:20545: test -z 			 || test ! -s conftest.err
configure:20548: $? = 0
configure:20551: test -s conftest.o
configure:20554: $? = 0
configure:20565: result: yes
configure:20568: checking size of short
configure:20880: gcc -o conftest -g -O2   conftest.c -lm  >&5
configure:20883: $? = 0
configure:20885: ./conftest
configure:20888: $? = 0
configure:20911: result: 2
configure:20918: checking for int
configure:20942: gcc -c -g -O2  conftest.c >&5
configure:20948: $? = 0
configure:20951: test -z 			 || test ! -s conftest.err
configure:20954: $? = 0
configure:20957: test -s conftest.o
configure:20960: $? = 0
configure:20971: result: yes
configure:20974: checking size of int
configure:21286: gcc -o conftest -g -O2   conftest.c -lm  >&5
configure:21289: $? = 0
configure:21291: ./conftest
configure:21294: $? = 0
configure:21317: result: 4
configure:21324: checking for long
configure:21348: gcc -c -g -O2  conftest.c >&5
configure:21354: $? = 0
configure:21357: test -z 			 || test ! -s conftest.err
configure:21360: $? = 0
configure:21363: test -s conftest.o
configure:21366: $? = 0
configure:21377: result: yes
configure:21380: checking size of long
configure:21692: gcc -o conftest -g -O2   conftest.c -lm  >&5
configure:21695: $? = 0
configure:21697: ./conftest
configure:21700: $? = 0
configure:21723: result: 4
configure:21730: checking for long long
configure:21754: gcc -c -g -O2  conftest.c >&5
configure:21760: $? = 0
configure:21763: test -z 			 || test ! -s conftest.err
configure:21766: $? = 0
configure:21769: test -s conftest.o
configure:21772: $? = 0
configure:21783: result: yes
configure:21786: checking size of long long
configure:22098: gcc -o conftest -g -O2   conftest.c -lm  >&5
configure:22101: $? = 0
configure:22103: ./conftest
configure:22106: $? = 0
configure:22129: result: 8
configure:22290: creating ./config.status

## ---------------------- ##
## Running config.status. ##
## ---------------------- ##

This file was extended by config.status, which was
generated by GNU Autoconf 2.59.  Invocation command line was

  CONFIG_FILES    = 
  CONFIG_HEADERS  = 
  CONFIG_LINKS    = 
  CONFIG_COMMANDS = 
  $ ./config.status 

on atLib

config.status:780: creating Makefile
config.status:780: creating libspeex/Makefile
config.status:780: creating src/Makefile
config.status:780: creating doc/Makefile
config.status:780: creating Speex.spec
config.status:780: creating include/Makefile
config.status:780: creating include/speex/Makefile
config.status:780: creating speex.pc
config.status:780: creating win32/Makefile
config.status:780: creating win32/libspeex/Makefile
config.status:780: creating win32/speexenc/Makefile
config.status:780: creating win32/speexdec/Makefile
config.status:780: creating symbian/Makefile
config.status:780: creating include/speex/speex_config_types.h
config.status:780: creating ti/Makefile
config.status:780: creating ti/speex_C54_test/Makefile
config.status:780: creating ti/speex_C55_test/Makefile
config.status:780: creating ti/speex_C64_test/Makefile
config.status:846: creating config.h
config.status:1158: executing depfiles commands

## ---------------- ##
## Cache variables. ##
## ---------------- ##

ac_cv_build=i686-pc-linux-gnu
ac_cv_build_alias=i686-pc-linux-gnu
ac_cv_c_bigendian=no
ac_cv_c_compiler_gnu=yes
ac_cv_c_const=yes
ac_cv_c_inline=inline
ac_cv_c_restrict=__restrict
ac_cv_cxx_compiler_gnu=yes
ac_cv_env_CC_set=
ac_cv_env_CC_value=
ac_cv_env_CFLAGS_set=
ac_cv_env_CFLAGS_value=
ac_cv_env_CPPFLAGS_set=
ac_cv_env_CPPFLAGS_value=
ac_cv_env_CPP_set=
ac_cv_env_CPP_value=
ac_cv_env_CXXCPP_set=
ac_cv_env_CXXCPP_value=
ac_cv_env_CXXFLAGS_set=
ac_cv_env_CXXFLAGS_value=
ac_cv_env_CXX_set=
ac_cv_env_CXX_value=
ac_cv_env_F77_set=
ac_cv_env_F77_value=
ac_cv_env_FFLAGS_set=
ac_cv_env_FFLAGS_value=
ac_cv_env_LDFLAGS_set=
ac_cv_env_LDFLAGS_value=
ac_cv_env_build_alias_set=
ac_cv_env_build_alias_value=
ac_cv_env_host_alias_set=
ac_cv_env_host_alias_value=
ac_cv_env_target_alias_set=
ac_cv_env_target_alias_value=
ac_cv_exeext=
ac_cv_f77_compiler_gnu=no
ac_cv_func_getopt_long=yes
ac_cv_header_dlfcn_h=yes
ac_cv_header_inttypes_h=yes
ac_cv_header_memory_h=yes
ac_cv_header_stdc=yes
ac_cv_header_stdint_h=yes
ac_cv_header_stdlib_h=yes
ac_cv_header_string_h=yes
ac_cv_header_strings_h=yes
ac_cv_header_sys_audioio_h=no
ac_cv_header_sys_soundcard_h=yes
ac_cv_header_sys_stat_h=yes
ac_cv_header_sys_types_h=yes
ac_cv_header_unistd_h=yes
ac_cv_host=i686-pc-linux-gnu
ac_cv_host_alias=i686-pc-linux-gnu
ac_cv_lib_m_sin=yes
ac_cv_lib_winmm_main=no
ac_cv_objext=o
ac_cv_path_install='/usr/bin/install -c'
ac_cv_prog_AWK=mawk
ac_cv_prog_CPP='gcc -E'
ac_cv_prog_CXXCPP='g++ -E'
ac_cv_prog_ac_ct_AR=ar
ac_cv_prog_ac_ct_CC=gcc
ac_cv_prog_ac_ct_CXX=g++
ac_cv_prog_ac_ct_RANLIB=ranlib
ac_cv_prog_ac_ct_STRIP=strip
ac_cv_prog_cc_g=yes
ac_cv_prog_cc_stdc=
ac_cv_prog_cxx_g=yes
ac_cv_prog_egrep='grep -E'
ac_cv_prog_f77_g=no
ac_cv_prog_make_make_set=yes
ac_cv_sizeof_int=4
ac_cv_sizeof_long=4
ac_cv_sizeof_long_long=8
ac_cv_sizeof_short=2
ac_cv_type_int=yes
ac_cv_type_long=yes
ac_cv_type_long_long=yes
ac_cv_type_short=yes
am_cv_CC_dependencies_compiler_type=gcc3
am_cv_CXX_dependencies_compiler_type=gcc3
lt_cv_deplibs_check_method=pass_all
lt_cv_file_magic_cmd='$MAGIC_CMD'
lt_cv_file_magic_test_file=
lt_cv_ld_reload_flag=-r
lt_cv_objdir=.libs
lt_cv_path_LD=/usr/bin/ld
lt_cv_path_LDCXX=/usr/bin/ld
lt_cv_path_NM='/usr/bin/nm -B'
lt_cv_path_SED=/bin/sed
lt_cv_prog_compiler_c_o=yes
lt_cv_prog_compiler_c_o_CXX=yes
lt_cv_prog_compiler_rtti_exceptions=no
lt_cv_prog_gnu_ld=yes
lt_cv_prog_gnu_ldcxx=yes
lt_cv_sys_global_symbol_pipe='sed -n -e '\''s/^.*[ 	]\([ABCDGIRSTW][ABCDGIRSTW]*\)[ 	][ 	]*\(\)\([_A-Za-z][_A-Za-z0-9]*\)$/\1 \2\3 \3/p'\'''
lt_cv_sys_global_symbol_to_c_name_address='sed -n -e '\''s/^: \([^ ]*\) $/  {\"\1\", (lt_ptr) 0},/p'\'' -e '\''s/^[BCDEGRST] \([^ ]*\) \([^ ]*\)$/  {"\2", (lt_ptr) \&\2},/p'\'''
lt_cv_sys_global_symbol_to_cdecl='sed -n -e '\''s/^. .* \(.*\)$/extern int \1;/p'\'''
lt_cv_sys_max_cmd_len=32768
lt_lt_cv_prog_compiler_c_o='"yes"'
lt_lt_cv_prog_compiler_c_o_CXX='"yes"'
lt_lt_cv_sys_global_symbol_pipe='"sed -n -e '\''s/^.*[ 	]\\([ABCDGIRSTW][ABCDGIRSTW]*\\)[ 	][ 	]*\\(\\)\\([_A-Za-z][_A-Za-z0-9]*\\)\$/\\1 \\2\\3 \\3/p'\''"'
lt_lt_cv_sys_global_symbol_to_c_name_address='"sed -n -e '\''s/^: \\([^ ]*\\) \$/  {\\\"\\1\\\", (lt_ptr) 0},/p'\'' -e '\''s/^[BCDEGRST] \\([^ ]*\\) \\([^ ]*\\)\$/  {\"\\2\", (lt_ptr) \\&\\2},/p'\''"'
lt_lt_cv_sys_global_symbol_to_cdecl='"sed -n -e '\''s/^. .* \\(.*\\)\$/extern int \\1;/p'\''"'

## ----------------- ##
## Output variables. ##
## ----------------- ##

ACLOCAL='${SHELL} /root/Downloads/0.1.0/speex/missing --run aclocal-1.8'
AMDEPBACKSLASH='\'
AMDEP_FALSE='#'
AMDEP_TRUE=''
AMTAR='${SHELL} /root/Downloads/0.1.0/speex/missing --run tar'
AR='ar'
AUTOCONF='${SHELL} /root/Downloads/0.1.0/speex/missing --run autoconf'
AUTOHEADER='${SHELL} /root/Downloads/0.1.0/speex/missing --run autoheader'
AUTOMAKE='${SHELL} /root/Downloads/0.1.0/speex/missing --run automake-1.8'
AWK='mawk'
CC='gcc'
CCDEPMODE='depmode=gcc3'
CFLAGS='-g -O2'
CPP='gcc -E'
CPPFLAGS=''
CXX='g++'
CXXCPP='g++ -E'
CXXDEPMODE='depmode=gcc3'
CXXFLAGS='-g -O2'
CYGPATH_W='echo'
DEFS='-DHAVE_CONFIG_H'
DEPDIR='.deps'
ECHO='echo'
ECHO_C=''
ECHO_N='-n'
ECHO_T=''
EGREP='grep -E'
EXEEXT=''
F77=''
FFLAGS=''
INSTALL_DATA='${INSTALL} -m 644'
INSTALL_PROGRAM='${INSTALL}'
INSTALL_SCRIPT='${INSTALL}'
INSTALL_STRIP_PROGRAM='${SHELL} $(install_sh) -c -s'
LDFLAGS=''
LIBOBJS=''
LIBS='-lm '
LIBTOOL='$(SHELL) $(top_builddir)/libtool'
LN_S='ln -s'
LTLIBOBJS=''
MAINT='#'
MAINTAINER_MODE_FALSE=''
MAINTAINER_MODE_TRUE='#'
MAKEINFO='${SHELL} /root/Downloads/0.1.0/speex/missing --run makeinfo'
OBJEXT='o'
OGG_CFLAGS=''
OGG_LIBS=''
PACKAGE='speex'
PACKAGE_BUGREPORT=''
PACKAGE_NAME=''
PACKAGE_STRING=''
PACKAGE_TARNAME=''
PACKAGE_VERSION=''
PATH_SEPARATOR=':'
RANLIB='ranlib'
SET_MAKE=''
SHELL='/bin/bash'
SIZE16='short'
SIZE32='int'
SPEEX_LT_AGE='2'
SPEEX_LT_CURRENT='3'
SPEEX_LT_REVISION='0'
SPEEX_VERSION='1.1.11.1'
STRIP='strip'
VERSION='1.1.11.1'
ac_ct_AR='ar'
ac_ct_CC='gcc'
ac_ct_CXX='g++'
ac_ct_F77=''
ac_ct_RANLIB='ranlib'
ac_ct_STRIP='strip'
am__fastdepCC_FALSE='#'
am__fastdepCC_TRUE=''
am__fastdepCXX_FALSE='#'
am__fastdepCXX_TRUE=''
am__include='include'
am__leading_dot='.'
am__quote=''
bindir='${exec_prefix}/bin'
build='i686-pc-linux-gnu'
build_alias=''
build_cpu='i686'
build_os='linux-gnu'
build_vendor='pc'
datadir='${prefix}/share'
exec_prefix='${prefix}'
host='i686-pc-linux-gnu'
host_alias=''
host_cpu='i686'
host_os='linux-gnu'
host_vendor='pc'
includedir='${prefix}/include'
infodir='${prefix}/info'
install_sh='/root/Downloads/0.1.0/speex/install-sh'
libdir='${exec_prefix}/lib'
libexecdir='${exec_prefix}/libexec'
localstatedir='${prefix}/var'
mandir='${prefix}/man'
mkdir_p='mkdir -p -- .'
oldincludedir='/usr/include'
prefix='/root/Downloads/0.1.0/speex/../install/usr'
program_transform_name='s,x,x,'
sbindir='${exec_prefix}/sbin'
sharedstatedir='${prefix}/com'
src=''
sysconfdir='${prefix}/etc'
target_alias=''

## ----------- ##
## confdefs.h. ##
## ----------- ##

#define HAVE_DLFCN_H 1
#define HAVE_GETOPT_LONG 1
#define HAVE_INTTYPES_H 1
#define HAVE_LIBM 1
#define HAVE_MEMORY_H 1
#define HAVE_STDINT_H 1
#define HAVE_STDLIB_H 1
#define HAVE_STRINGS_H 1
#define HAVE_STRING_H 1
#define HAVE_SYS_SOUNDCARD_H 1
#define HAVE_SYS_STAT_H 1
#define HAVE_SYS_TYPES_H 1
#define HAVE_UNISTD_H 1
#define PACKAGE_BUGREPORT ""
#define PACKAGE_NAME ""
#define PACKAGE_STRING ""
#define PACKAGE_TARNAME ""
#define PACKAGE_VERSION ""
#define SIZEOF_INT 4
#define SIZEOF_LONG 4
#define SIZEOF_LONG_LONG 8
#define SIZEOF_SHORT 2
#define SPEEX_EXTRA_VERSION ".1"
#define SPEEX_MAJOR_VERSION 1
#define SPEEX_MICRO_VERSION 11
#define SPEEX_MINOR_VERSION 1
#define SPEEX_VERSION "1.1.11.1"
#define STDC_HEADERS 1
#define VAR_ARRAYS
#define restrict __restrict
#endif
#ifdef __cplusplus
extern "C" void exit (int) throw ();

configure: exit 0
