This file contains any messages produced by compilers while
running configure, to aid debugging if configure makes a mistake.

It was created by ortp configure 0.14.2, which was
generated by GNU Autoconf 2.61.  Invocation command line was

  $ ./configure --prefix=/root/Downloads/0.1.0/oRTP/../install/usr

## --------- ##
## Platform. ##
## --------- ##

hostname = atLib
uname -m = i686
uname -r = 3.2.0-27-generic
uname -s = Linux
uname -v = #43-Ubuntu SMP Fri Jul 6 14:46:35 UTC 2012

/usr/bin/uname -p = unknown
/bin/uname -X     = unknown

/bin/arch              = unknown
/usr/bin/arch -k       = unknown
/usr/convex/getsysinfo = unknown
/usr/bin/hostinfo      = unknown
/bin/machine           = unknown
/usr/bin/oslevel       = unknown
/bin/universe          = unknown

PATH: /usr/lib/lightdm/lightdm
PATH: /usr/local/sbin
PATH: /usr/local/bin
PATH: /usr/sbin
PATH: /usr/bin
PATH: /sbin
PATH: /bin
PATH: /usr/games


## ----------- ##
## Core tests. ##
## ----------- ##

configure:2007: checking build system type
configure:2025: result: i686-pc-linux-gnu
configure:2047: checking host system type
configure:2062: result: i686-pc-linux-gnu
configure:2084: checking target system type
configure:2099: result: i686-pc-linux-gnu
configure:2164: checking for a BSD-compatible install
configure:2220: result: /usr/bin/install -c
configure:2231: checking whether build environment is sane
configure:2274: result: yes
configure:2339: checking for gawk
configure:2369: result: no
configure:2339: checking for mawk
configure:2355: found /usr/bin/mawk
configure:2366: result: mawk
configure:2377: checking whether make sets $(MAKE)
configure:2398: result: yes
configure:2577: checking how to create a ustar tar archive
configure:2590: tar --version
tar (GNU tar) 1.26
Copyright (C) 2011 Free Software Foundation, Inc.
License GPLv3+: GNU GPL version 3 or later <http://gnu.org/licenses/gpl.html>.
This is free software: you are free to change and redistribute it.
There is NO WARRANTY, to the extent permitted by law.

Written by John Gilmore and Jay Fenlason.
configure:2593: $? = 0
configure:2633: tardir=conftest.dir && eval tar --format=ustar -chf - "$tardir" >conftest.tar
configure:2636: $? = 0
configure:2640: tar -xf - <conftest.tar
configure:2643: $? = 0
configure:2656: result: gnutar
configure:2688: checking warning make an error on compilation
configure:2829: checking for gcc
configure:2845: found /usr/bin/gcc
configure:2856: result: gcc
configure:3094: checking for C compiler version
configure:3101: gcc --version >&5
gcc (Ubuntu/Linaro 4.6.3-1ubuntu5) 4.6.3
Copyright (C) 2011 Free Software Foundation, Inc.
This is free software; see the source for copying conditions.  There is NO
warranty; not even for MERCHANTABILITY or FITNESS FOR A PARTICULAR PURPOSE.

configure:3104: $? = 0
configure:3111: gcc -v >&5
Using built-in specs.
COLLECT_GCC=gcc
COLLECT_LTO_WRAPPER=/usr/lib/gcc/i686-linux-gnu/4.6/lto-wrapper
Target: i686-linux-gnu
Configured with: ../src/configure -v --with-pkgversion='Ubuntu/Linaro 4.6.3-1ubuntu5' --with-bugurl=file:///usr/share/doc/gcc-4.6/README.Bugs --enable-languages=c,c++,fortran,objc,obj-c++ --prefix=/usr --program-suffix=-4.6 --enable-shared --enable-linker-build-id --with-system-zlib --libexecdir=/usr/lib --without-included-gettext --enable-threads=posix --with-gxx-include-dir=/usr/include/c++/4.6 --libdir=/usr/lib --enable-nls --with-sysroot=/ --enable-clocale=gnu --enable-libstdcxx-debug --enable-libstdcxx-time=yes --enable-gnu-unique-object --enable-plugin --enable-objc-gc --enable-targets=all --disable-werror --with-arch-32=i686 --with-tune=generic --enable-checking=release --build=i686-linux-gnu --host=i686-linux-gnu --target=i686-linux-gnu
Thread model: posix
gcc version 4.6.3 (Ubuntu/Linaro 4.6.3-1ubuntu5) 
configure:3114: $? = 0
configure:3121: gcc -V >&5
gcc: error: unrecognized option '-V'
gcc: fatal error: no input files
compilation terminated.
configure:3124: $? = 4
configure:3147: checking for C compiler default output file name
configure:3174: gcc    conftest.c  >&5
configure:3177: $? = 0
configure:3215: result: a.out
configure:3232: checking whether the C compiler works
configure:3242: ./a.out
configure:3245: $? = 0
configure:3262: result: yes
configure:3269: checking whether we are cross compiling
configure:3271: result: no
configure:3274: checking for suffix of executables
configure:3281: gcc -o conftest    conftest.c  >&5
configure:3284: $? = 0
configure:3308: result: 
configure:3314: checking for suffix of object files
configure:3340: gcc -c   conftest.c >&5
configure:3343: $? = 0
configure:3366: result: o
configure:3370: checking whether we are using the GNU C compiler
configure:3399: gcc -c   conftest.c >&5
configure:3405: $? = 0
configure:3422: result: yes
configure:3427: checking whether gcc accepts -g
configure:3457: gcc -c -g  conftest.c >&5
configure:3463: $? = 0
configure:3562: result: yes
configure:3579: checking for gcc option to accept ISO C89
configure:3653: gcc  -c -g -O2  conftest.c >&5
configure:3659: $? = 0
configure:3682: result: none needed
configure:3711: checking for style of include used by make
configure:3739: result: GNU
configure:3767: checking dependency style of gcc
configure:3857: result: gcc3
configure:3946: checking for a sed that does not truncate output
configure:4002: result: /bin/sed
configure:4005: checking for grep that handles long lines and -e
configure:4079: result: /bin/grep
configure:4084: checking for egrep
configure:4162: result: /bin/grep -E
configure:4178: checking for ld used by gcc
configure:4245: result: /usr/bin/ld
configure:4254: checking if the linker (/usr/bin/ld) is GNU ld
configure:4269: result: yes
configure:4274: checking for /usr/bin/ld option to reload object files
configure:4281: result: -r
configure:4299: checking for BSD-compatible nm
configure:4348: result: /usr/bin/nm -B
configure:4352: checking whether ln -s works
configure:4356: result: yes
configure:4363: checking how to recognize dependent libraries
configure:4549: result: pass_all
configure:4790: checking how to run the C preprocessor
configure:4830: gcc -E  conftest.c
configure:4836: $? = 0
configure:4867: gcc -E  conftest.c
conftest.c:14:28: fatal error: ac_nonexistent.h: No such file or directory
compilation terminated.
configure:4873: $? = 1
configure: failed program was:
| /* confdefs.h.  */
| #define PACKAGE_NAME "ortp"
| #define PACKAGE_TARNAME "ortp"
| #define PACKAGE_VERSION "0.14.2"
| #define PACKAGE_STRING "ortp 0.14.2"
| #define PACKAGE_BUGREPORT ""
| #define PACKAGE "ortp"
| #define VERSION "0.14.2"
| #define ORTP_MAJOR_VERSION 0
| #define ORTP_MINOR_VERSION 14
| #define ORTP_MICRO_VERSION 2
| #define ORTP_VERSION "0.14.2"
| /* end confdefs.h.  */
| #include <ac_nonexistent.h>
configure:4906: result: gcc -E
configure:4935: gcc -E  conftest.c
configure:4941: $? = 0
configure:4972: gcc -E  conftest.c
conftest.c:14:28: fatal error: ac_nonexistent.h: No such file or directory
compilation terminated.
configure:4978: $? = 1
configure: failed program was:
| /* confdefs.h.  */
| #define PACKAGE_NAME "ortp"
| #define PACKAGE_TARNAME "ortp"
| #define PACKAGE_VERSION "0.14.2"
| #define PACKAGE_STRING "ortp 0.14.2"
| #define PACKAGE_BUGREPORT ""
| #define PACKAGE "ortp"
| #define VERSION "0.14.2"
| #define ORTP_MAJOR_VERSION 0
| #define ORTP_MINOR_VERSION 14
| #define ORTP_MICRO_VERSION 2
| #define ORTP_VERSION "0.14.2"
| /* end confdefs.h.  */
| #include <ac_nonexistent.h>
configure:5016: checking for ANSI C header files
configure:5046: gcc -c -g -O2  conftest.c >&5
configure:5052: $? = 0
configure:5151: gcc -o conftest -g -O2   conftest.c  >&5
configure:5154: $? = 0
configure:5160: ./conftest
configure:5163: $? = 0
configure:5180: result: yes
configure:5204: checking for sys/types.h
configure:5225: gcc -c -g -O2  conftest.c >&5
configure:5231: $? = 0
configure:5247: result: yes
configure:5204: checking for sys/stat.h
configure:5225: gcc -c -g -O2  conftest.c >&5
configure:5231: $? = 0
configure:5247: result: yes
configure:5204: checking for stdlib.h
configure:5225: gcc -c -g -O2  conftest.c >&5
configure:5231: $? = 0
configure:5247: result: yes
configure:5204: checking for string.h
configure:5225: gcc -c -g -O2  conftest.c >&5
configure:5231: $? = 0
configure:5247: result: yes
configure:5204: checking for memory.h
configure:5225: gcc -c -g -O2  conftest.c >&5
configure:5231: $? = 0
configure:5247: result: yes
configure:5204: checking for strings.h
configure:5225: gcc -c -g -O2  conftest.c >&5
configure:5231: $? = 0
configure:5247: result: yes
configure:5204: checking for inttypes.h
configure:5225: gcc -c -g -O2  conftest.c >&5
configure:5231: $? = 0
configure:5247: result: yes
configure:5204: checking for stdint.h
configure:5225: gcc -c -g -O2  conftest.c >&5
configure:5231: $? = 0
configure:5247: result: yes
configure:5204: checking for unistd.h
configure:5225: gcc -c -g -O2  conftest.c >&5
configure:5231: $? = 0
configure:5247: result: yes
configure:5274: checking dlfcn.h usability
configure:5291: gcc -c -g -O2  conftest.c >&5
configure:5297: $? = 0
configure:5311: result: yes
configure:5315: checking dlfcn.h presence
configure:5330: gcc -E  conftest.c
configure:5336: $? = 0
configure:5350: result: yes
configure:5378: checking for dlfcn.h
configure:5386: result: yes
configure:5457: checking for g++
configure:5473: found /usr/bin/g++
configure:5484: result: g++
configure:5515: checking for C++ compiler version
configure:5522: g++ --version >&5
g++ (Ubuntu/Linaro 4.6.3-1ubuntu5) 4.6.3
Copyright (C) 2011 Free Software Foundation, Inc.
This is free software; see the source for copying conditions.  There is NO
warranty; not even for MERCHANTABILITY or FITNESS FOR A PARTICULAR PURPOSE.

configure:5525: $? = 0
configure:5532: g++ -v >&5
Using built-in specs.
COLLECT_GCC=g++
COLLECT_LTO_WRAPPER=/usr/lib/gcc/i686-linux-gnu/4.6/lto-wrapper
Target: i686-linux-gnu
Configured with: ../src/configure -v --with-pkgversion='Ubuntu/Linaro 4.6.3-1ubuntu5' --with-bugurl=file:///usr/share/doc/gcc-4.6/README.Bugs --enable-languages=c,c++,fortran,objc,obj-c++ --prefix=/usr --program-suffix=-4.6 --enable-shared --enable-linker-build-id --with-system-zlib --libexecdir=/usr/lib --without-included-gettext --enable-threads=posix --with-gxx-include-dir=/usr/include/c++/4.6 --libdir=/usr/lib --enable-nls --with-sysroot=/ --enable-clocale=gnu --enable-libstdcxx-debug --enable-libstdcxx-time=yes --enable-gnu-unique-object --enable-plugin --enable-objc-gc --enable-targets=all --disable-werror --with-arch-32=i686 --with-tune=generic --enable-checking=release --build=i686-linux-gnu --host=i686-linux-gnu --target=i686-linux-gnu
Thread model: posix
gcc version 4.6.3 (Ubuntu/Linaro 4.6.3-1ubuntu5) 
configure:5535: $? = 0
configure:5542: g++ -V >&5
g++: error: unrecognized option '-V'
g++: fatal error: no input files
compilation terminated.
configure:5545: $? = 4
configure:5548: checking whether we are using the GNU C++ compiler
configure:5577: g++ -c   conftest.cpp >&5
configure:5583: $? = 0
configure:5600: result: yes
configure:5605: checking whether g++ accepts -g
configure:5635: g++ -c -g  conftest.cpp >&5
configure:5641: $? = 0
configure:5740: result: yes
configure:5765: checking dependency style of g++
configure:5855: result: gcc3
configure:5882: checking how to run the C++ preprocessor
configure:5918: g++ -E  conftest.cpp
configure:5924: $? = 0
configure:5955: g++ -E  conftest.cpp
conftest.cpp:25:28: fatal error: ac_nonexistent.h: No such file or directory
compilation terminated.
configure:5961: $? = 1
configure: failed program was:
| /* confdefs.h.  */
| #define PACKAGE_NAME "ortp"
| #define PACKAGE_TARNAME "ortp"
| #define PACKAGE_VERSION "0.14.2"
| #define PACKAGE_STRING "ortp 0.14.2"
| #define PACKAGE_BUGREPORT ""
| #define PACKAGE "ortp"
| #define VERSION "0.14.2"
| #define ORTP_MAJOR_VERSION 0
| #define ORTP_MINOR_VERSION 14
| #define ORTP_MICRO_VERSION 2
| #define ORTP_VERSION "0.14.2"
| #define STDC_HEADERS 1
| #define HAVE_SYS_TYPES_H 1
| #define HAVE_SYS_STAT_H 1
| #define HAVE_STDLIB_H 1
| #define HAVE_STRING_H 1
| #define HAVE_MEMORY_H 1
| #define HAVE_STRINGS_H 1
| #define HAVE_INTTYPES_H 1
| #define HAVE_STDINT_H 1
| #define HAVE_UNISTD_H 1
| #define HAVE_DLFCN_H 1
| /* end confdefs.h.  */
| #include <ac_nonexistent.h>
configure:5994: result: g++ -E
configure:6023: g++ -E  conftest.cpp
configure:6029: $? = 0
configure:6060: g++ -E  conftest.cpp
conftest.cpp:25:28: fatal error: ac_nonexistent.h: No such file or directory
compilation terminated.
configure:6066: $? = 1
configure: failed program was:
| /* confdefs.h.  */
| #define PACKAGE_NAME "ortp"
| #define PACKAGE_TARNAME "ortp"
| #define PACKAGE_VERSION "0.14.2"
| #define PACKAGE_STRING "ortp 0.14.2"
| #define PACKAGE_BUGREPORT ""
| #define PACKAGE "ortp"
| #define VERSION "0.14.2"
| #define ORTP_MAJOR_VERSION 0
| #define ORTP_MINOR_VERSION 14
| #define ORTP_MICRO_VERSION 2
| #define ORTP_VERSION "0.14.2"
| #define STDC_HEADERS 1
| #define HAVE_SYS_TYPES_H 1
| #define HAVE_SYS_STAT_H 1
| #define HAVE_STDLIB_H 1
| #define HAVE_STRING_H 1
| #define HAVE_MEMORY_H 1
| #define HAVE_STRINGS_H 1
| #define HAVE_INTTYPES_H 1
| #define HAVE_STDINT_H 1
| #define HAVE_UNISTD_H 1
| #define HAVE_DLFCN_H 1
| /* end confdefs.h.  */
| #include <ac_nonexistent.h>
configure:6159: checking for g77
configure:6189: result: no
configure:6159: checking for xlf
configure:6189: result: no
configure:6159: checking for f77
configure:6189: result: no
configure:6159: checking for frt
configure:6189: result: no
configure:6159: checking for pgf77
configure:6189: result: no
configure:6159: checking for cf77
configure:6189: result: no
configure:6159: checking for fort77
configure:6189: result: no
configure:6159: checking for fl32
configure:6189: result: no
configure:6159: checking for af77
configure:6189: result: no
configure:6159: checking for xlf90
configure:6189: result: no
configure:6159: checking for f90
configure:6189: result: no
configure:6159: checking for pgf90
configure:6189: result: no
configure:6159: checking for pghpf
configure:6189: result: no
configure:6159: checking for epcf90
configure:6189: result: no
configure:6159: checking for gfortran
configure:6189: result: no
configure:6159: checking for g95
configure:6189: result: no
configure:6159: checking for xlf95
configure:6189: result: no
configure:6159: checking for f95
configure:6189: result: no
configure:6159: checking for fort
configure:6189: result: no
configure:6159: checking for ifort
configure:6189: result: no
configure:6159: checking for ifc
configure:6189: result: no
configure:6159: checking for efc
configure:6189: result: no
configure:6159: checking for pgf95
configure:6189: result: no
configure:6159: checking for lf95
configure:6189: result: no
configure:6159: checking for ftn
configure:6189: result: no
configure:6216: checking for Fortran 77 compiler version
configure:6223:  --version >&5
./configure: line 6224: --version: command not found
configure:6226: $? = 127
configure:6233:  -v >&5
./configure: line 6234: -v: command not found
configure:6236: $? = 127
configure:6243:  -V >&5
./configure: line 6244: -V: command not found
configure:6246: $? = 127
configure:6254: checking whether we are using the GNU Fortran 77 compiler
configure:6273:  -c  conftest.F >&5
./configure: line 6274: -c: command not found
configure:6279: $? = 127
configure: failed program was:
|       program main
| #ifndef __GNUC__
|        choke me
| #endif
| 
|       end
configure:6296: result: no
configure:6302: checking whether  accepts -g
configure:6319:  -c -g conftest.f >&5
./configure: line 6320: -c: command not found
configure:6325: $? = 127
configure: failed program was:
|       program main
| 
|       end
configure:6341: result: no
configure:6371: checking the maximum length of command line arguments
configure:6483: result: 1572864
configure:6495: checking command to parse /usr/bin/nm -B output from gcc object
configure:6600: gcc -c -g -O2  conftest.c >&5
configure:6603: $? = 0
configure:6607: /usr/bin/nm -B conftest.o \| sed -n -e 's/^.*[ 	]\([ABCDGIRSTW][ABCDGIRSTW]*\)[ 	][ 	]*\([_A-Za-z][_A-Za-z0-9]*\)$/\1 \2 \2/p' \> conftest.nm
configure:6610: $? = 0
configure:6662: gcc -o conftest -g -O2   conftest.c conftstm.o >&5
configure:6665: $? = 0
configure:6703: result: ok
configure:6707: checking for objdir
configure:6722: result: .libs
configure:6814: checking for ar
configure:6830: found /usr/bin/ar
configure:6841: result: ar
configure:6910: checking for ranlib
configure:6926: found /usr/bin/ranlib
configure:6937: result: ranlib
configure:7006: checking for strip
configure:7022: found /usr/bin/strip
configure:7033: result: strip
configure:7319: checking if gcc supports -fno-rtti -fno-exceptions
configure:7337: gcc -c -g -O2  -fno-rtti -fno-exceptions conftest.c >&5
cc1: warning: command line option '-fno-rtti' is valid for C++/ObjC++ but not for C [enabled by default]
configure:7341: $? = 0
configure:7354: result: no
configure:7369: checking for gcc option to produce PIC
configure:7601: result: -fPIC
configure:7609: checking if gcc PIC flag -fPIC works
configure:7627: gcc -c -g -O2  -fPIC -DPIC conftest.c >&5
configure:7631: $? = 0
configure:7644: result: yes
configure:7672: checking if gcc static flag -static works
configure:7700: result: yes
configure:7710: checking if gcc supports -c -o file.o
configure:7731: gcc -c -g -O2  -o out/conftest2.o conftest.c >&5
configure:7735: $? = 0
configure:7757: result: yes
configure:7783: checking whether the gcc linker (/usr/bin/ld) supports shared libraries
configure:8764: result: yes
configure:8785: checking whether -lc should be explicitly linked in
configure:8790: gcc -c -g -O2  conftest.c >&5
configure:8793: $? = 0
configure:8808: gcc -shared conftest.o  -v -Wl,-soname -Wl,conftest -o conftest 2\>\&1 \| grep  -lc  \>/dev/null 2\>\&1
configure:8811: $? = 0
configure:8823: result: no
configure:8831: checking dynamic linker characteristics
configure:9445: result: GNU/Linux ld.so
configure:9454: checking how to hardcode library paths into programs
configure:9479: result: immediate
configure:9493: checking whether stripping libraries is possible
configure:9498: result: yes
configure:10300: checking if libtool supports shared libraries
configure:10302: result: yes
configure:10305: checking whether to build shared libraries
configure:10326: result: yes
configure:10329: checking whether to build static libraries
configure:10333: result: yes
configure:10426: creating libtool
configure:11014: checking for ld used by g++
configure:11081: result: /usr/bin/ld
configure:11090: checking if the linker (/usr/bin/ld) is GNU ld
configure:11105: result: yes
configure:11156: checking whether the g++ linker (/usr/bin/ld) supports shared libraries
configure:12130: result: yes
configure:12148: g++ -c -g -O2  conftest.cpp >&5
configure:12151: $? = 0
configure:12303: checking for g++ option to produce PIC
configure:12587: result: -fPIC
configure:12595: checking if g++ PIC flag -fPIC works
configure:12613: g++ -c -g -O2  -fPIC -DPIC conftest.cpp >&5
configure:12617: $? = 0
configure:12630: result: yes
configure:12658: checking if g++ static flag -static works
configure:12686: result: yes
configure:12696: checking if g++ supports -c -o file.o
configure:12717: g++ -c -g -O2  -o out/conftest2.o conftest.cpp >&5
configure:12721: $? = 0
configure:12743: result: yes
configure:12769: checking whether the g++ linker (/usr/bin/ld) supports shared libraries
configure:12797: result: yes
configure:12864: checking dynamic linker characteristics
configure:13426: result: GNU/Linux ld.so
configure:13435: checking how to hardcode library paths into programs
configure:13460: result: immediate
configure:19723: checking for seteuid
configure:19779: gcc -o conftest -g -O2 -Wall   conftest.c  >&5
configure:19785: $? = 0
configure:19803: result: yes
configure:19815: checking for pthread_mutex_init in -lpthread
configure:19850: gcc -o conftest -g -O2 -Wall   conftest.c -lpthread   >&5
configure:19856: $? = 0
configure:19874: result: yes
configure:19935: checking srtp/srtp.h usability
configure:19952: gcc -c -g -O2 -Wall  conftest.c >&5
conftest.c:60:23: fatal error: srtp/srtp.h: No such file or directory
compilation terminated.
configure:19958: $? = 1
configure: failed program was:
| /* confdefs.h.  */
| #define PACKAGE_NAME "ortp"
| #define PACKAGE_TARNAME "ortp"
| #define PACKAGE_VERSION "0.14.2"
| #define PACKAGE_STRING "ortp 0.14.2"
| #define PACKAGE_BUGREPORT ""
| #define PACKAGE "ortp"
| #define VERSION "0.14.2"
| #define ORTP_MAJOR_VERSION 0
| #define ORTP_MINOR_VERSION 14
| #define ORTP_MICRO_VERSION 2
| #define ORTP_VERSION "0.14.2"
| #define STDC_HEADERS 1
| #define HAVE_SYS_TYPES_H 1
| #define HAVE_SYS_STAT_H 1
| #define HAVE_STDLIB_H 1
| #define HAVE_STRING_H 1
| #define HAVE_MEMORY_H 1
| #define HAVE_STRINGS_H 1
| #define HAVE_INTTYPES_H 1
| #define HAVE_STDINT_H 1
| #define HAVE_UNISTD_H 1
| #define HAVE_DLFCN_H 1
| #define HAVE_SETEUID 1
| #define ORTP_DEFAULT_THREAD_STACK_SIZE 0
| /* end confdefs.h.  */
| #include <stdio.h>
| #ifdef HAVE_SYS_TYPES_H
| # include <sys/types.h>
| #endif
| #ifdef HAVE_SYS_STAT_H
| # include <sys/stat.h>
| #endif
| #ifdef STDC_HEADERS
| # include <stdlib.h>
| # include <stddef.h>
| #else
| # ifdef HAVE_STDLIB_H
| #  include <stdlib.h>
| # endif
| #endif
| #ifdef HAVE_STRING_H
| # if !defined STDC_HEADERS && defined HAVE_MEMORY_H
| #  include <memory.h>
| # endif
| # include <string.h>
| #endif
| #ifdef HAVE_STRINGS_H
| # include <strings.h>
| #endif
| #ifdef HAVE_INTTYPES_H
| # include <inttypes.h>
| #endif
| #ifdef HAVE_STDINT_H
| # include <stdint.h>
| #endif
| #ifdef HAVE_UNISTD_H
| # include <unistd.h>
| #endif
| #include <srtp/srtp.h>
configure:19972: result: no
configure:19976: checking srtp/srtp.h presence
configure:19991: gcc -E  conftest.c
conftest.c:27:23: fatal error: srtp/srtp.h: No such file or directory
compilation terminated.
configure:19997: $? = 1
configure: failed program was:
| /* confdefs.h.  */
| #define PACKAGE_NAME "ortp"
| #define PACKAGE_TARNAME "ortp"
| #define PACKAGE_VERSION "0.14.2"
| #define PACKAGE_STRING "ortp 0.14.2"
| #define PACKAGE_BUGREPORT ""
| #define PACKAGE "ortp"
| #define VERSION "0.14.2"
| #define ORTP_MAJOR_VERSION 0
| #define ORTP_MINOR_VERSION 14
| #define ORTP_MICRO_VERSION 2
| #define ORTP_VERSION "0.14.2"
| #define STDC_HEADERS 1
| #define HAVE_SYS_TYPES_H 1
| #define HAVE_SYS_STAT_H 1
| #define HAVE_STDLIB_H 1
| #define HAVE_STRING_H 1
| #define HAVE_MEMORY_H 1
| #define HAVE_STRINGS_H 1
| #define HAVE_INTTYPES_H 1
| #define HAVE_STDINT_H 1
| #define HAVE_UNISTD_H 1
| #define HAVE_DLFCN_H 1
| #define HAVE_SETEUID 1
| #define ORTP_DEFAULT_THREAD_STACK_SIZE 0
| /* end confdefs.h.  */
| #include <srtp/srtp.h>
configure:20011: result: no
configure:20039: checking for srtp/srtp.h
configure:20046: result: no
configure:20060: checking for srtp_init in -lsrtp
configure:20095: gcc -o conftest -g -O2 -Wall   -lsrtp conftest.c -lsrtp   >&5
/usr/bin/ld: cannot find -lsrtp
/usr/bin/ld: cannot find -lsrtp
collect2: ld returned 1 exit status
configure:20101: $? = 1
configure: failed program was:
| /* confdefs.h.  */
| #define PACKAGE_NAME "ortp"
| #define PACKAGE_TARNAME "ortp"
| #define PACKAGE_VERSION "0.14.2"
| #define PACKAGE_STRING "ortp 0.14.2"
| #define PACKAGE_BUGREPORT ""
| #define PACKAGE "ortp"
| #define VERSION "0.14.2"
| #define ORTP_MAJOR_VERSION 0
| #define ORTP_MINOR_VERSION 14
| #define ORTP_MICRO_VERSION 2
| #define ORTP_VERSION "0.14.2"
| #define STDC_HEADERS 1
| #define HAVE_SYS_TYPES_H 1
| #define HAVE_SYS_STAT_H 1
| #define HAVE_STDLIB_H 1
| #define HAVE_STRING_H 1
| #define HAVE_MEMORY_H 1
| #define HAVE_STRINGS_H 1
| #define HAVE_INTTYPES_H 1
| #define HAVE_STDINT_H 1
| #define HAVE_UNISTD_H 1
| #define HAVE_DLFCN_H 1
| #define HAVE_SETEUID 1
| #define ORTP_DEFAULT_THREAD_STACK_SIZE 0
| /* end confdefs.h.  */
| 
| /* Override any GCC internal prototype to avoid an error.
|    Use char because int might match the return type of a GCC
|    builtin and then its argument prototype would still apply.  */
| #ifdef __cplusplus
| extern "C"
| #endif
| char srtp_init ();
| int
| main ()
| {
| return srtp_init ();
|   ;
|   return 0;
| }
configure:20119: result: no
configure:20136: Could not find libsrtp headers or lib, cryto transport disabled.
configure:20176: checking for ANSI C header files
configure:20340: result: yes
configure:20372: checking poll.h usability
configure:20389: gcc -c -g -O2 -Wall  conftest.c >&5
configure:20395: $? = 0
configure:20409: result: yes
configure:20413: checking poll.h presence
configure:20428: gcc -E  conftest.c
configure:20434: $? = 0
configure:20448: result: yes
configure:20476: checking for poll.h
configure:20484: result: yes
configure:20372: checking sys/poll.h usability
configure:20389: gcc -c -g -O2 -Wall  conftest.c >&5
configure:20395: $? = 0
configure:20409: result: yes
configure:20413: checking sys/poll.h presence
configure:20428: gcc -E  conftest.c
configure:20434: $? = 0
configure:20448: result: yes
configure:20476: checking for sys/poll.h
configure:20484: result: yes
configure:20372: checking sys/uio.h usability
configure:20389: gcc -c -g -O2 -Wall  conftest.c >&5
configure:20395: $? = 0
configure:20409: result: yes
configure:20413: checking sys/uio.h presence
configure:20428: gcc -E  conftest.c
configure:20434: $? = 0
configure:20448: result: yes
configure:20476: checking for sys/uio.h
configure:20484: result: yes
configure:20372: checking fcntl.h usability
configure:20389: gcc -c -g -O2 -Wall  conftest.c >&5
configure:20395: $? = 0
configure:20409: result: yes
configure:20413: checking fcntl.h presence
configure:20428: gcc -E  conftest.c
configure:20434: $? = 0
configure:20448: result: yes
configure:20476: checking for fcntl.h
configure:20484: result: yes
configure:20372: checking sys/time.h usability
configure:20389: gcc -c -g -O2 -Wall  conftest.c >&5
configure:20395: $? = 0
configure:20409: result: yes
configure:20413: checking sys/time.h presence
configure:20428: gcc -E  conftest.c
configure:20434: $? = 0
configure:20448: result: yes
configure:20476: checking for sys/time.h
configure:20484: result: yes
configure:20362: checking for unistd.h
configure:20368: result: yes
configure:20372: checking sys/audio.h usability
configure:20389: gcc -c -g -O2 -Wall  conftest.c >&5
conftest.c:67:23: fatal error: sys/audio.h: No such file or directory
compilation terminated.
configure:20395: $? = 1
configure: failed program was:
| /* confdefs.h.  */
| #define PACKAGE_NAME "ortp"
| #define PACKAGE_TARNAME "ortp"
| #define PACKAGE_VERSION "0.14.2"
| #define PACKAGE_STRING "ortp 0.14.2"
| #define PACKAGE_BUGREPORT ""
| #define PACKAGE "ortp"
| #define VERSION "0.14.2"
| #define ORTP_MAJOR_VERSION 0
| #define ORTP_MINOR_VERSION 14
| #define ORTP_MICRO_VERSION 2
| #define ORTP_VERSION "0.14.2"
| #define STDC_HEADERS 1
| #define HAVE_SYS_TYPES_H 1
| #define HAVE_SYS_STAT_H 1
| #define HAVE_STDLIB_H 1
| #define HAVE_STRING_H 1
| #define HAVE_MEMORY_H 1
| #define HAVE_STRINGS_H 1
| #define HAVE_INTTYPES_H 1
| #define HAVE_STDINT_H 1
| #define HAVE_UNISTD_H 1
| #define HAVE_DLFCN_H 1
| #define HAVE_SETEUID 1
| #define ORTP_DEFAULT_THREAD_STACK_SIZE 0
| #define STDC_HEADERS 1
| #define HAVE_POLL_H 1
| #define HAVE_SYS_POLL_H 1
| #define HAVE_SYS_UIO_H 1
| #define HAVE_FCNTL_H 1
| #define HAVE_SYS_TIME_H 1
| #define HAVE_UNISTD_H 1
| /* end confdefs.h.  */
| #include <stdio.h>
| #ifdef HAVE_SYS_TYPES_H
| # include <sys/types.h>
| #endif
| #ifdef HAVE_SYS_STAT_H
| # include <sys/stat.h>
| #endif
| #ifdef STDC_HEADERS
| # include <stdlib.h>
| # include <stddef.h>
| #else
| # ifdef HAVE_STDLIB_H
| #  include <stdlib.h>
| # endif
| #endif
| #ifdef HAVE_STRING_H
| # if !defined STDC_HEADERS && defined HAVE_MEMORY_H
| #  include <memory.h>
| # endif
| # include <string.h>
| #endif
| #ifdef HAVE_STRINGS_H
| # include <strings.h>
| #endif
| #ifdef HAVE_INTTYPES_H
| # include <inttypes.h>
| #endif
| #ifdef HAVE_STDINT_H
| # include <stdint.h>
| #endif
| #ifdef HAVE_UNISTD_H
| # include <unistd.h>
| #endif
| #include <sys/audio.h>
configure:20409: result: no
configure:20413: checking sys/audio.h presence
configure:20428: gcc -E  conftest.c
conftest.c:34:23: fatal error: sys/audio.h: No such file or directory
compilation terminated.
configure:20434: $? = 1
configure: failed program was:
| /* confdefs.h.  */
| #define PACKAGE_NAME "ortp"
| #define PACKAGE_TARNAME "ortp"
| #define PACKAGE_VERSION "0.14.2"
| #define PACKAGE_STRING "ortp 0.14.2"
| #define PACKAGE_BUGREPORT ""
| #define PACKAGE "ortp"
| #define VERSION "0.14.2"
| #define ORTP_MAJOR_VERSION 0
| #define ORTP_MINOR_VERSION 14
| #define ORTP_MICRO_VERSION 2
| #define ORTP_VERSION "0.14.2"
| #define STDC_HEADERS 1
| #define HAVE_SYS_TYPES_H 1
| #define HAVE_SYS_STAT_H 1
| #define HAVE_STDLIB_H 1
| #define HAVE_STRING_H 1
| #define HAVE_MEMORY_H 1
| #define HAVE_STRINGS_H 1
| #define HAVE_INTTYPES_H 1
| #define HAVE_STDINT_H 1
| #define HAVE_UNISTD_H 1
| #define HAVE_DLFCN_H 1
| #define HAVE_SETEUID 1
| #define ORTP_DEFAULT_THREAD_STACK_SIZE 0
| #define STDC_HEADERS 1
| #define HAVE_POLL_H 1
| #define HAVE_SYS_POLL_H 1
| #define HAVE_SYS_UIO_H 1
| #define HAVE_FCNTL_H 1
| #define HAVE_SYS_TIME_H 1
| #define HAVE_UNISTD_H 1
| /* end confdefs.h.  */
| #include <sys/audio.h>
configure:20448: result: no
configure:20476: checking for sys/audio.h
configure:20484: result: no
configure:20372: checking linux/soundcard.h usability
configure:20389: gcc -c -g -O2 -Wall  conftest.c >&5
configure:20395: $? = 0
configure:20409: result: yes
configure:20413: checking linux/soundcard.h presence
configure:20428: gcc -E  conftest.c
configure:20434: $? = 0
configure:20448: result: yes
configure:20476: checking for linux/soundcard.h
configure:20484: result: yes
configure:20498: checking for an ANSI C-conforming const
configure:20573: gcc -c -g -O2 -Wall  conftest.c >&5
conftest.c: In function 'main':
conftest.c:64:10: warning: 't' is used uninitialized in this function [-Wuninitialized]
configure:20579: $? = 0
configure:20594: result: yes
configure:20604: checking for inline
configure:20630: gcc -c -g -O2 -Wall  conftest.c >&5
configure:20636: $? = 0
configure:20654: result: inline
configure:20673: checking whether time.h and sys/time.h may both be included
configure:20703: gcc -c -g -O2 -Wall  conftest.c >&5
configure:20709: $? = 0
configure:20724: result: yes
configure:20734: checking whether byte ordering is bigendian
configure:20767: gcc -c -g -O2 -Wall  conftest.c >&5
configure:20773: $? = 0
configure:20805: gcc -c -g -O2 -Wall  conftest.c >&5
conftest.c: In function 'main':
conftest.c:43:2: error: unknown type name 'not'
conftest.c:43:10: error: expected '=', ',', ';', 'asm' or '__attribute__' before 'endian'
configure:20811: $? = 1
configure: failed program was:
| /* confdefs.h.  */
| #define PACKAGE_NAME "ortp"
| #define PACKAGE_TARNAME "ortp"
| #define PACKAGE_VERSION "0.14.2"
| #define PACKAGE_STRING "ortp 0.14.2"
| #define PACKAGE_BUGREPORT ""
| #define PACKAGE "ortp"
| #define VERSION "0.14.2"
| #define ORTP_MAJOR_VERSION 0
| #define ORTP_MINOR_VERSION 14
| #define ORTP_MICRO_VERSION 2
| #define ORTP_VERSION "0.14.2"
| #define STDC_HEADERS 1
| #define HAVE_SYS_TYPES_H 1
| #define HAVE_SYS_STAT_H 1
| #define HAVE_STDLIB_H 1
| #define HAVE_STRING_H 1
| #define HAVE_MEMORY_H 1
| #define HAVE_STRINGS_H 1
| #define HAVE_INTTYPES_H 1
| #define HAVE_STDINT_H 1
| #define HAVE_UNISTD_H 1
| #define HAVE_DLFCN_H 1
| #define HAVE_SETEUID 1
| #define ORTP_DEFAULT_THREAD_STACK_SIZE 0
| #define STDC_HEADERS 1
| #define HAVE_POLL_H 1
| #define HAVE_SYS_POLL_H 1
| #define HAVE_SYS_UIO_H 1
| #define HAVE_FCNTL_H 1
| #define HAVE_SYS_TIME_H 1
| #define HAVE_UNISTD_H 1
| #define HAVE_LINUX_SOUNDCARD_H 1
| #define TIME_WITH_SYS_TIME 1
| /* end confdefs.h.  */
| #include <sys/types.h>
| #include <sys/param.h>
| 
| int
| main ()
| {
| #if BYTE_ORDER != BIG_ENDIAN
|  not big endian
| #endif
| 
|   ;
|   return 0;
| }
configure:20951: result: no
configure:20980: checking for select
configure:21036: gcc -o conftest -g -O2 -Wall   conftest.c  >&5
configure:21042: $? = 0
configure:21060: result: yes
configure:20980: checking for socket
configure:21036: gcc -o conftest -g -O2 -Wall   conftest.c  >&5
configure:21042: $? = 0
configure:21060: result: yes
configure:20980: checking for strerror
configure:21036: gcc -o conftest -g -O2 -Wall   conftest.c  >&5
configure:21042: $? = 0
configure:21060: result: yes
configure:21098: checking for doxygen
configure:21129: result: false
configure:21152: checking for epm
configure:21183: result: false
configure:21193: checking for mkepmlist
configure:21224: result: false
configure:21234: checking for epminstall
configure:21265: result: false
configure:21476: creating ./config.status

## ---------------------- ##
## Running config.status. ##
## ---------------------- ##

This file was extended by ortp config.status 0.14.2, which was
generated by GNU Autoconf 2.61.  Invocation command line was

  CONFIG_FILES    = 
  CONFIG_HEADERS  = 
  CONFIG_LINKS    = 
  CONFIG_COMMANDS = 
  $ ./config.status 

on atLib

config.status:704: creating Makefile
config.status:704: creating include/Makefile
config.status:704: creating include/ortp/Makefile
config.status:704: creating src/Makefile
config.status:704: creating src/tests/Makefile
config.status:704: creating src/tests/win_receiver/Makefile
config.status:704: creating src/tests/win_sender/Makefile
config.status:704: creating build/Makefile
config.status:704: creating build/win32native/Makefile
config.status:704: creating build/wince/Makefile
config.status:704: creating ortp.pc
config.status:704: creating ortp.spec
config.status:704: creating ortp.doxygen
config.status:704: creating ortp-config.h
config.status:990: executing depfiles commands

## ---------------- ##
## Cache variables. ##
## ---------------- ##

ac_cv_build=i686-pc-linux-gnu
ac_cv_c_bigendian=no
ac_cv_c_compiler_gnu=yes
ac_cv_c_const=yes
ac_cv_c_inline=inline
ac_cv_cxx_compiler_gnu=yes
ac_cv_env_CCC_set=
ac_cv_env_CCC_value=
ac_cv_env_CC_set=
ac_cv_env_CC_value=
ac_cv_env_CFLAGS_set=
ac_cv_env_CFLAGS_value=
ac_cv_env_CPPFLAGS_set=
ac_cv_env_CPPFLAGS_value=
ac_cv_env_CPP_set=
ac_cv_env_CPP_value=
ac_cv_env_CXXCPP_set=
ac_cv_env_CXXCPP_value=
ac_cv_env_CXXFLAGS_set=
ac_cv_env_CXXFLAGS_value=
ac_cv_env_CXX_set=
ac_cv_env_CXX_value=
ac_cv_env_F77_set=
ac_cv_env_F77_value=
ac_cv_env_FFLAGS_set=
ac_cv_env_FFLAGS_value=
ac_cv_env_LDFLAGS_set=
ac_cv_env_LDFLAGS_value=
ac_cv_env_LIBS_set=
ac_cv_env_LIBS_value=
ac_cv_env_build_alias_set=
ac_cv_env_build_alias_value=
ac_cv_env_host_alias_set=
ac_cv_env_host_alias_value=
ac_cv_env_target_alias_set=
ac_cv_env_target_alias_value=
ac_cv_f77_compiler_gnu=no
ac_cv_func_select=yes
ac_cv_func_seteuid=yes
ac_cv_func_socket=yes
ac_cv_func_strerror=yes
ac_cv_header_dlfcn_h=yes
ac_cv_header_fcntl_h=yes
ac_cv_header_inttypes_h=yes
ac_cv_header_linux_soundcard_h=yes
ac_cv_header_memory_h=yes
ac_cv_header_poll_h=yes
ac_cv_header_srtp_srtp_h=no
ac_cv_header_stdc=yes
ac_cv_header_stdint_h=yes
ac_cv_header_stdlib_h=yes
ac_cv_header_string_h=yes
ac_cv_header_strings_h=yes
ac_cv_header_sys_audio_h=no
ac_cv_header_sys_poll_h=yes
ac_cv_header_sys_stat_h=yes
ac_cv_header_sys_time_h=yes
ac_cv_header_sys_types_h=yes
ac_cv_header_sys_uio_h=yes
ac_cv_header_time=yes
ac_cv_header_unistd_h=yes
ac_cv_host=i686-pc-linux-gnu
ac_cv_lib_pthread_pthread_mutex_init=yes
ac_cv_lib_srtp_srtp_init=no
ac_cv_objext=o
ac_cv_path_DOXYGEN=false
ac_cv_path_EGREP='/bin/grep -E'
ac_cv_path_EPM=false
ac_cv_path_EPMINSTALL=false
ac_cv_path_GREP=/bin/grep
ac_cv_path_MKEPMLIST=false
ac_cv_path_install='/usr/bin/install -c'
ac_cv_prog_AWK=mawk
ac_cv_prog_CPP='gcc -E'
ac_cv_prog_CXXCPP='g++ -E'
ac_cv_prog_ac_ct_AR=ar
ac_cv_prog_ac_ct_CC=gcc
ac_cv_prog_ac_ct_CXX=g++
ac_cv_prog_ac_ct_RANLIB=ranlib
ac_cv_prog_ac_ct_STRIP=strip
ac_cv_prog_cc_c89=
ac_cv_prog_cc_g=yes
ac_cv_prog_cxx_g=yes
ac_cv_prog_f77_g=no
ac_cv_prog_make_make_set=yes
ac_cv_target=i686-pc-linux-gnu
am_cv_CC_dependencies_compiler_type=gcc3
am_cv_CXX_dependencies_compiler_type=gcc3
am_cv_prog_tar_ustar=gnutar
lt_cv_deplibs_check_method=pass_all
lt_cv_file_magic_cmd='$MAGIC_CMD'
lt_cv_file_magic_test_file=
lt_cv_ld_reload_flag=-r
lt_cv_objdir=.libs
lt_cv_path_LD=/usr/bin/ld
lt_cv_path_LDCXX=/usr/bin/ld
lt_cv_path_NM='/usr/bin/nm -B'
lt_cv_path_SED=/bin/sed
lt_cv_prog_compiler_c_o=yes
lt_cv_prog_compiler_c_o_CXX=yes
lt_cv_prog_compiler_rtti_exceptions=no
lt_cv_prog_gnu_ld=yes
lt_cv_prog_gnu_ldcxx=yes
lt_cv_sys_global_symbol_pipe='sed -n -e '\''s/^.*[ 	]\([ABCDGIRSTW][ABCDGIRSTW]*\)[ 	][ 	]*\([_A-Za-z][_A-Za-z0-9]*\)$/\1 \2 \2/p'\'''
lt_cv_sys_global_symbol_to_c_name_address='sed -n -e '\''s/^: \([^ ]*\) $/  {\"\1\", (lt_ptr) 0},/p'\'' -e '\''s/^[BCDEGRST] \([^ ]*\) \([^ ]*\)$/  {"\2", (lt_ptr) \&\2},/p'\'''
lt_cv_sys_global_symbol_to_cdecl='sed -n -e '\''s/^. .* \(.*\)$/extern int \1;/p'\'''
lt_cv_sys_max_cmd_len=1572864
lt_lt_cv_prog_compiler_c_o='"yes"'
lt_lt_cv_prog_compiler_c_o_CXX='"yes"'
lt_lt_cv_sys_global_symbol_pipe='"sed -n -e '\''s/^.*[ 	]\\([ABCDGIRSTW][ABCDGIRSTW]*\\)[ 	][ 	]*\\([_A-Za-z][_A-Za-z0-9]*\\)\$/\\1 \\2 \\2/p'\''"'
lt_lt_cv_sys_global_symbol_to_c_name_address='"sed -n -e '\''s/^: \\([^ ]*\\) \$/  {\\\"\\1\\\", (lt_ptr) 0},/p'\'' -e '\''s/^[BCDEGRST] \\([^ ]*\\) \\([^ ]*\\)\$/  {\"\\2\", (lt_ptr) \\&\\2},/p'\''"'
lt_lt_cv_sys_global_symbol_to_cdecl='"sed -n -e '\''s/^. .* \\(.*\\)\$/extern int \\1;/p'\''"'

## ----------------- ##
## Output variables. ##
## ----------------- ##

ACLOCAL='${SHELL} /root/Downloads/0.1.0/oRTP/missing --run aclocal-1.9'
AMDEPBACKSLASH='\'
AMDEP_FALSE='#'
AMDEP_TRUE=''
AMTAR='${SHELL} /root/Downloads/0.1.0/oRTP/missing --run tar'
AR='ar'
ARCH='i386'
AUTOCONF='${SHELL} /root/Downloads/0.1.0/oRTP/missing --run autoconf'
AUTOHEADER='${SHELL} /root/Downloads/0.1.0/oRTP/missing --run autoheader'
AUTOMAKE='${SHELL} /root/Downloads/0.1.0/oRTP/missing --run automake-1.9'
AWK='mawk'
CC='gcc'
CCDEPMODE='depmode=gcc3'
CFLAGS='-g -O2 -Wall -Werror   -DORTP_INET6'
CPP='gcc -E'
CPPFLAGS=''
CXX='g++'
CXXCPP='g++ -E'
CXXDEPMODE='depmode=gcc3'
CXXFLAGS='-g -O2'
CYGPATH_W='echo'
DEFS='-DHAVE_CONFIG_H'
DEPDIR='.deps'
DOXYGEN='false'
ECHO='echo'
ECHO_C=''
ECHO_N='-n'
ECHO_T=''
EGREP='/bin/grep -E'
EPM='false'
EPMINSTALL='false'
EPM_PKG_EXT='deb'
EXEEXT=''
F77=''
FFLAGS=''
GREP='/bin/grep'
HAVE_DOXYGEN_FALSE=''
HAVE_DOXYGEN_TRUE='#'
INSTALL_DATA='${INSTALL} -m 644'
INSTALL_PROGRAM='${INSTALL}'
INSTALL_SCRIPT='${INSTALL}'
INSTALL_STRIP_PROGRAM='${SHELL} $(install_sh) -c -s'
LDFLAGS=''
LIBOBJS=''
LIBORTP_SO_VERSION='7:0:0'
LIBS=''
LIBTOOL='$(SHELL) $(top_builddir)/libtool'
LICENSE='LGPL'
LN_S='ln -s'
LTLIBOBJS=''
MAKEINFO='${SHELL} /root/Downloads/0.1.0/oRTP/missing --run makeinfo'
MKEPMLIST='false'
OBJEXT='o'
ORTPDEPS_CFLAGS=' -D_REENTRANT  -DORTP_INET6 '
ORTPDEPS_LDFLAGS=''
ORTPDEPS_LIBS=' -lpthread  '
ORTP_PKGCONFIG_VERSION='0.14.2'
ORTP_VERSION='0.14.2'
PACKAGE='ortp'
PACKAGER='anonymous'
PACKAGE_BUGREPORT=''
PACKAGE_NAME='ortp'
PACKAGE_STRING='ortp 0.14.2'
PACKAGE_TARNAME='ortp'
PACKAGE_VERSION='0.14.2'
PATH_SEPARATOR=':'
PTHREAD_CFLAGS='-D_REENTRANT'
PTHREAD_LDFLAGS=''
PTHREAD_LIBS='-lpthread'
RANLIB='ranlib'
RELEASE='1'
SED='/bin/sed'
SET_MAKE=''
SHELL='/bin/bash'
SRTP_CFLAGS=''
SRTP_LIBS=''
STRIP='strip'
SUMMARY='An LGPL implementation of RTP - RFC3550'
SYS_GROUP='root'
SYS_USER='root'
VENDOR='Linphone'
VERSION='0.14.2'
WITH_EPM_FALSE=''
WITH_EPM_TRUE='#'
ac_ct_CC='gcc'
ac_ct_CXX='g++'
ac_ct_F77=''
am__fastdepCC_FALSE='#'
am__fastdepCC_TRUE=''
am__fastdepCXX_FALSE='#'
am__fastdepCXX_TRUE=''
am__include='include'
am__leading_dot='.'
am__quote=''
am__tar='tar --format=ustar -chf - "$$tardir"'
am__untar='tar -xf -'
bindir='${exec_prefix}/bin'
build='i686-pc-linux-gnu'
build_alias=''
build_cpu='i686'
build_os='linux-gnu'
build_vendor='pc'
datadir='${datarootdir}'
datarootdir='${prefix}/share'
docdir='${datarootdir}/doc/${PACKAGE_TARNAME}'
dvidir='${docdir}'
exec_prefix='${prefix}'
host='i686-pc-linux-gnu'
host_alias=''
host_cpu='i686'
host_os='linux-gnu'
host_vendor='pc'
htmldir='${docdir}'
includedir='${prefix}/include'
infodir='${datarootdir}/info'
install_sh='/root/Downloads/0.1.0/oRTP/install-sh'
libdir='${exec_prefix}/lib'
libexecdir='${exec_prefix}/libexec'
localedir='${datarootdir}/locale'
localstatedir='${prefix}/var'
mandir='${datarootdir}/man'
mkdir_p='mkdir -p --'
oldincludedir='/usr/include'
pdfdir='${docdir}'
prefix='/root/Downloads/0.1.0/oRTP/../install/usr'
program_transform_name='s,x,x,'
psdir='${docdir}'
sbindir='${exec_prefix}/sbin'
sharedstatedir='${prefix}/com'
sysconfdir='${prefix}/etc'
target='i686-pc-linux-gnu'
target_alias=''
target_cpu='i686'
target_os='linux-gnu'
target_vendor='pc'

## ----------- ##
## confdefs.h. ##
## ----------- ##

#define PACKAGE_NAME "ortp"
#define PACKAGE_TARNAME "ortp"
#define PACKAGE_VERSION "0.14.2"
#define PACKAGE_STRING "ortp 0.14.2"
#define PACKAGE_BUGREPORT ""
#define PACKAGE "ortp"
#define VERSION "0.14.2"
#define ORTP_MAJOR_VERSION 0
#define ORTP_MINOR_VERSION 14
#define ORTP_MICRO_VERSION 2
#define ORTP_VERSION "0.14.2"
#define STDC_HEADERS 1
#define HAVE_SYS_TYPES_H 1
#define HAVE_SYS_STAT_H 1
#define HAVE_STDLIB_H 1
#define HAVE_STRING_H 1
#define HAVE_MEMORY_H 1
#define HAVE_STRINGS_H 1
#define HAVE_INTTYPES_H 1
#define HAVE_STDINT_H 1
#define HAVE_UNISTD_H 1
#define HAVE_DLFCN_H 1
#define HAVE_SETEUID 1
#define ORTP_DEFAULT_THREAD_STACK_SIZE 0
#define STDC_HEADERS 1
#define HAVE_POLL_H 1
#define HAVE_SYS_POLL_H 1
#define HAVE_SYS_UIO_H 1
#define HAVE_FCNTL_H 1
#define HAVE_SYS_TIME_H 1
#define HAVE_UNISTD_H 1
#define HAVE_LINUX_SOUNDCARD_H 1
#define TIME_WITH_SYS_TIME 1
#define HAVE_SELECT 1
#define HAVE_SOCKET 1
#define HAVE_STRERROR 1
#define POSIXTIMER_INTERVAL 10000

configure: exit 0
